# JRE version: Java(TM) SE Runtime Environment (8.0_65-b17) (build 1.8.0_65-b17)
# Java VM: Java HotSpot(TM) 64-Bit Server VM (25.65-b01 mixed mode windows-amd64 compressed oops)
Heap:
 PSYoungGen      total 120832K, used 160K [0x00000000eb200000, 0x00000000f3380000, 0x0000000100000000)
  eden space 112128K, 0% used [0x00000000eb200000,0x00000000eb200000,0x00000000f1f80000)
  from space 8704K, 1% used [0x00000000f2b00000,0x00000000f2b28000,0x00000000f3380000)
  to   space 10240K, 0% used [0x00000000f1f80000,0x00000000f1f80000,0x00000000f2980000)
 ParOldGen       total 50176K, used 45768K [0x00000000c1600000, 0x00000000c4700000, 0x00000000eb200000)
  object space 50176K, 91% used [0x00000000c1600000,0x00000000c42b22c0,0x00000000c4700000)
 Metaspace       used 51247K, capacity 51984K, committed 52136K, reserved 1095680K
  class space    used 6372K, capacity 6541K, committed 6568K, reserved 1048576K
GC Heap History (10 events):
Event: 75.171 GC heap after
Heap after GC invocations=26 (full 2):
 PSYoungGen      total 87040K, used 6206K [0x00000000eb200000, 0x00000000f1180000, 0x0000000100000000)
  eden space 77312K, 0% used [0x00000000eb200000,0x00000000eb200000,0x00000000efd80000)
  from space 9728K, 63% used [0x00000000f0780000,0x00000000f0d8fbd8,0x00000000f1100000)
  to   space 10240K, 0% used [0x00000000efd80000,0x00000000efd80000,0x00000000f0780000)
 ParOldGen       total 50176K, used 30038K [0x00000000c1600000, 0x00000000c4700000, 0x00000000eb200000)
  object space 50176K, 59% used [0x00000000c1600000,0x00000000c3355830,0x00000000c4700000)
 Metaspace       used 44098K, capacity 44578K, committed 44968K, reserved 1089536K
  class space    used 5589K, capacity 5732K, committed 5800K, reserved 1048576K
}
Event: 77.659 GC heap before
{Heap before GC invocations=27 (full 2):
 PSYoungGen      total 87040K, used 83518K [0x00000000eb200000, 0x00000000f1180000, 0x0000000100000000)
  eden space 77312K, 100% used [0x00000000eb200000,0x00000000efd80000,0x00000000efd80000)
  from space 9728K, 63% used [0x00000000f0780000,0x00000000f0d8fbd8,0x00000000f1100000)
  to   space 10240K, 0% used [0x00000000efd80000,0x00000000efd80000,0x00000000f0780000)
 ParOldGen       total 50176K, used 30038K [0x00000000c1600000, 0x00000000c4700000, 0x00000000eb200000)
  object space 50176K, 59% used [0x00000000c1600000,0x00000000c3355830,0x00000000c4700000)
 Metaspace       used 48060K, capacity 48672K, committed 48936K, reserved 1091584K
  class space    used 5980K, capacity 6153K, committed 6184K, reserved 1048576K
Event: 77.688 GC heap after
Heap after GC invocations=27 (full 2):
 PSYoungGen      total 87552K, used 6489K [0x00000000eb200000, 0x00000000f2180000, 0x0000000100000000)
  eden space 77312K, 0% used [0x00000000eb200000,0x00000000eb200000,0x00000000efd80000)
  from space 10240K, 63% used [0x00000000efd80000,0x00000000f03d6440,0x00000000f0780000)
  to   space 10240K, 0% used [0x00000000f1780000,0x00000000f1780000,0x00000000f2180000)
 ParOldGen       total 50176K, used 34548K [0x00000000c1600000, 0x00000000c4700000, 0x00000000eb200000)
  object space 50176K, 68% used [0x00000000c1600000,0x00000000c37bd180,0x00000000c4700000)
 Metaspace       used 48060K, capacity 48672K, committed 48936K, reserved 1091584K
  class space    used 5980K, capacity 6153K, committed 6184K, reserved 1048576K
}
Event: 79.238 GC heap before
{Heap before GC invocations=28 (full 2):
 PSYoungGen      total 87552K, used 83801K [0x00000000eb200000, 0x00000000f2180000, 0x0000000100000000)
  eden space 77312K, 100% used [0x00000000eb200000,0x00000000efd80000,0x00000000efd80000)
  from space 10240K, 63% used [0x00000000efd80000,0x00000000f03d6440,0x00000000f0780000)
  to   space 10240K, 0% used [0x00000000f1780000,0x00000000f1780000,0x00000000f2180000)
 ParOldGen       total 50176K, used 34548K [0x00000000c1600000, 0x00000000c4700000, 0x00000000eb200000)
  object space 50176K, 68% used [0x00000000c1600000,0x00000000c37bd180,0x00000000c4700000)
 Metaspace       used 49970K, capacity 50688K, committed 50984K, reserved 1093632K
  class space    used 6198K, capacity 6345K, committed 6440K, reserved 1048576K
Event: 79.290 GC heap after
Heap after GC invocations=28 (full 2):
 PSYoungGen      total 103936K, used 5412K [0x00000000eb200000, 0x00000000f2380000, 0x0000000100000000)
  eden space 93696K, 0% used [0x00000000eb200000,0x00000000eb200000,0x00000000f0d80000)
  from space 10240K, 52% used [0x00000000f1780000,0x00000000f1cc91b0,0x00000000f2180000)
  to   space 10240K, 0% used [0x00000000f0d80000,0x00000000f0d80000,0x00000000f1780000)
 ParOldGen       total 50176K, used 39268K [0x00000000c1600000, 0x00000000c4700000, 0x00000000eb200000)
  object space 50176K, 78% used [0x00000000c1600000,0x00000000c3c59180,0x00000000c4700000)
 Metaspace       used 49970K, capacity 50688K, committed 50984K, reserved 1093632K
  class space    used 6198K, capacity 6345K, committed 6440K, reserved 1048576K
}
Event: 117.395 GC heap before
{Heap before GC invocations=29 (full 2):
 PSYoungGen      total 103936K, used 99108K [0x00000000eb200000, 0x00000000f2380000, 0x0000000100000000)
  eden space 93696K, 100% used [0x00000000eb200000,0x00000000f0d80000,0x00000000f0d80000)
  from space 10240K, 52% used [0x00000000f1780000,0x00000000f1cc91b0,0x00000000f2180000)
  to   space 10240K, 0% used [0x00000000f0d80000,0x00000000f0d80000,0x00000000f1780000)
 ParOldGen       total 50176K, used 39268K [0x00000000c1600000, 0x00000000c4700000, 0x00000000eb200000)
  object space 50176K, 78% used [0x00000000c1600000,0x00000000c3c59180,0x00000000c4700000)
 Metaspace       used 51215K, capacity 51984K, committed 52136K, reserved 1095680K
  class space    used 6371K, capacity 6541K, committed 6568K, reserved 1048576K
Event: 117.409 GC heap after
Heap after GC invocations=29 (full 2):
 PSYoungGen      total 103936K, used 3436K [0x00000000eb200000, 0x00000000f3480000, 0x0000000100000000)
  eden space 93696K, 0% used [0x00000000eb200000,0x00000000eb200000,0x00000000f0d80000)
  from space 10240K, 33% used [0x00000000f0d80000,0x00000000f10db068,0x00000000f1780000)
  to   space 9728K, 0% used [0x00000000f2b00000,0x00000000f2b00000,0x00000000f3480000)
 ParOldGen       total 50176K, used 43120K [0x00000000c1600000, 0x00000000c4700000, 0x00000000eb200000)
  object space 50176K, 85% used [0x00000000c1600000,0x00000000c401c1e0,0x00000000c4700000)
 Metaspace       used 51215K, capacity 51984K, committed 52136K, reserved 1095680K
  class space    used 6371K, capacity 6541K, committed 6568K, reserved 1048576K
}
Event: 252.942 GC heap before
{Heap before GC invocations=30 (full 2):
 PSYoungGen      total 103936K, used 97132K [0x00000000eb200000, 0x00000000f3480000, 0x0000000100000000)
  eden space 93696K, 100% used [0x00000000eb200000,0x00000000f0d80000,0x00000000f0d80000)
  from space 10240K, 33% used [0x00000000f0d80000,0x00000000f10db068,0x00000000f1780000)
  to   space 9728K, 0% used [0x00000000f2b00000,0x00000000f2b00000,0x00000000f3480000)
 ParOldGen       total 50176K, used 43120K [0x00000000c1600000, 0x00000000c4700000, 0x00000000eb200000)
  object space 50176K, 85% used [0x00000000c1600000,0x00000000c401c1e0,0x00000000c4700000)
 Metaspace       used 51247K, capacity 51984K, committed 52136K, reserved 1095680K
  class space    used 6372K, capacity 6541K, committed 6568K, reserved 1048576K
Event: 252.952 GC heap after
Heap after GC invocations=30 (full 2):
 PSYoungGen      total 120832K, used 160K [0x00000000eb200000, 0x00000000f3380000, 0x0000000100000000)
  eden space 112128K, 0% used [0x00000000eb200000,0x00000000eb200000,0x00000000f1f80000)
  from space 8704K, 1% used [0x00000000f2b00000,0x00000000f2b28000,0x00000000f3380000)
  to   space 10240K, 0% used [0x00000000f1f80000,0x00000000f1f80000,0x00000000f2980000)
 ParOldGen       total 50176K, used 45768K [0x00000000c1600000, 0x00000000c4700000, 0x00000000eb200000)
  object space 50176K, 91% used [0x00000000c1600000,0x00000000c42b22c0,0x00000000c4700000)
 Metaspace       used 51247K, capacity 51984K, committed 52136K, reserved 1095680K
  class space    used 6372K, capacity 6541K, committed 6568K, reserved 1048576K
}
Event: 252.952 GC heap before
{Heap before GC invocations=31 (full 3):
 PSYoungGen      total 120832K, used 160K [0x00000000eb200000, 0x00000000f3380000, 0x0000000100000000)
  eden space 112128K, 0% used [0x00000000eb200000,0x00000000eb200000,0x00000000f1f80000)
  from space 8704K, 1% used [0x00000000f2b00000,0x00000000f2b28000,0x00000000f3380000)
  to   space 10240K, 0% used [0x00000000f1f80000,0x00000000f1f80000,0x00000000f2980000)
 ParOldGen       total 50176K, used 45768K [0x00000000c1600000, 0x00000000c4700000, 0x00000000eb200000)
  object space 50176K, 91% used [0x00000000c1600000,0x00000000c42b22c0,0x00000000c4700000)
 Metaspace       used 51247K, capacity 51984K, committed 52136K, reserved 1095680K
  class space    used 6372K, capacity 6541K, committed 6568K, reserved 1048576K

