# JRE version: Java(TM) SE Runtime Environment (8.0_65-b17) (build 1.8.0_65-b17)
# Java VM: Java HotSpot(TM) 64-Bit Server VM (25.65-b01 mixed mode windows-amd64 compressed oops)
Heap:
 PSYoungGen      total 313344K, used 266432K [0x00000000eb200000, 0x00000000ff580000, 0x0000000100000000)
  eden space 297472K, 88% used [0x00000000eb200000,0x00000000fb2b8170,0x00000000fd480000)
  from space 15872K, 22% used [0x00000000fe600000,0x00000000fe978000,0x00000000ff580000)
  to   space 16896K, 0% used [0x00000000fd480000,0x00000000fd480000,0x00000000fe500000)
 ParOldGen       total 159744K, used 147278K [0x00000000c1600000, 0x00000000cb200000, 0x00000000eb200000)
  object space 159744K, 92% used [0x00000000c1600000,0x00000000ca5d3880,0x00000000cb200000)
 Metaspace       used 175672K, capacity 181886K, committed 182232K, reserved 1212416K
  class space    used 17083K, capacity 18579K, committed 18688K, reserved 1048576K
GC Heap History (10 events):
Event: 9096.904 GC heap before
{Heap before GC invocations=486 (full 40):
 PSYoungGen      total 314368K, used 294816K [0x00000000eb200000, 0x00000000ffb00000, 0x0000000100000000)
  eden space 291840K, 100% used [0x00000000eb200000,0x00000000fcf00000,0x00000000fcf00000)
  from space 22528K, 13% used [0x00000000fcf00000,0x00000000fd1e8000,0x00000000fe500000)
  to   space 21504K, 0% used [0x00000000fe600000,0x00000000fe600000,0x00000000ffb00000)
 ParOldGen       total 159744K, used 147254K [0x00000000c1600000, 0x00000000cb200000, 0x00000000eb200000)
  object space 159744K, 92% used [0x00000000c1600000,0x00000000ca5cd880,0x00000000cb200000)
 Metaspace       used 175620K, capacity 181810K, committed 181976K, reserved 1212416K
  class space    used 17082K, capacity 18577K, committed 18688K, reserved 1048576K
Event: 9096.911 GC heap after
Heap after GC invocations=486 (full 40):
 PSYoungGen      total 313344K, used 2688K [0x00000000eb200000, 0x00000000ff900000, 0x0000000100000000)
  eden space 293888K, 0% used [0x00000000eb200000,0x00000000eb200000,0x00000000fd100000)
  from space 19456K, 13% used [0x00000000fe600000,0x00000000fe8a0000,0x00000000ff900000)
  to   space 20480K, 0% used [0x00000000fd100000,0x00000000fd100000,0x00000000fe500000)
 ParOldGen       total 159744K, used 147262K [0x00000000c1600000, 0x00000000cb200000, 0x00000000eb200000)
  object space 159744K, 92% used [0x00000000c1600000,0x00000000ca5cf880,0x00000000cb200000)
 Metaspace       used 175620K, capacity 181810K, committed 181976K, reserved 1212416K
  class space    used 17082K, capacity 18577K, committed 18688K, reserved 1048576K
}
Event: 9118.104 GC heap before
{Heap before GC invocations=487 (full 40):
 PSYoungGen      total 313344K, used 296576K [0x00000000eb200000, 0x00000000ff900000, 0x0000000100000000)
  eden space 293888K, 100% used [0x00000000eb200000,0x00000000fd100000,0x00000000fd100000)
  from space 19456K, 13% used [0x00000000fe600000,0x00000000fe8a0000,0x00000000ff900000)
  to   space 20480K, 0% used [0x00000000fd100000,0x00000000fd100000,0x00000000fe500000)
 ParOldGen       total 159744K, used 147262K [0x00000000c1600000, 0x00000000cb200000, 0x00000000eb200000)
  object space 159744K, 92% used [0x00000000c1600000,0x00000000ca5cf880,0x00000000cb200000)
 Metaspace       used 175632K, capacity 181874K, committed 182232K, reserved 1212416K
  class space    used 17082K, capacity 18577K, committed 18688K, reserved 1048576K
Event: 9118.112 GC heap after
Heap after GC invocations=487 (full 40):
 PSYoungGen      total 314368K, used 3328K [0x00000000eb200000, 0x00000000ff900000, 0x0000000100000000)
  eden space 293888K, 0% used [0x00000000eb200000,0x00000000eb200000,0x00000000fd100000)
  from space 20480K, 16% used [0x00000000fd100000,0x00000000fd440000,0x00000000fe500000)
  to   space 19456K, 0% used [0x00000000fe600000,0x00000000fe600000,0x00000000ff900000)
 ParOldGen       total 159744K, used 147270K [0x00000000c1600000, 0x00000000cb200000, 0x00000000eb200000)
  object space 159744K, 92% used [0x00000000c1600000,0x00000000ca5d1880,0x00000000cb200000)
 Metaspace       used 175632K, capacity 181874K, committed 182232K, reserved 1212416K
  class space    used 17082K, capacity 18577K, committed 18688K, reserved 1048576K
}
Event: 9138.758 GC heap before
{Heap before GC invocations=488 (full 40):
 PSYoungGen      total 314368K, used 297216K [0x00000000eb200000, 0x00000000ff900000, 0x0000000100000000)
  eden space 293888K, 100% used [0x00000000eb200000,0x00000000fd100000,0x00000000fd100000)
  from space 20480K, 16% used [0x00000000fd100000,0x00000000fd440000,0x00000000fe500000)
  to   space 19456K, 0% used [0x00000000fe600000,0x00000000fe600000,0x00000000ff900000)
 ParOldGen       total 159744K, used 147270K [0x00000000c1600000, 0x00000000cb200000, 0x00000000eb200000)
  object space 159744K, 92% used [0x00000000c1600000,0x00000000ca5d1880,0x00000000cb200000)
 Metaspace       used 175668K, capacity 181886K, committed 182232K, reserved 1212416K
  class space    used 17083K, capacity 18579K, committed 18688K, reserved 1048576K
Event: 9138.765 GC heap after
Heap after GC invocations=488 (full 40):
 PSYoungGen      total 313344K, used 2528K [0x00000000eb200000, 0x00000000ff700000, 0x0000000100000000)
  eden space 295936K, 0% used [0x00000000eb200000,0x00000000eb200000,0x00000000fd300000)
  from space 17408K, 14% used [0x00000000fe600000,0x00000000fe878000,0x00000000ff700000)
  to   space 18432K, 0% used [0x00000000fd300000,0x00000000fd300000,0x00000000fe500000)
 ParOldGen       total 159744K, used 147278K [0x00000000c1600000, 0x00000000cb200000, 0x00000000eb200000)
  object space 159744K, 92% used [0x00000000c1600000,0x00000000ca5d3880,0x00000000cb200000)
 Metaspace       used 175668K, capacity 181886K, committed 182232K, reserved 1212416K
  class space    used 17083K, capacity 18579K, committed 18688K, reserved 1048576K
}
Event: 9161.696 GC heap before
{Heap before GC invocations=489 (full 40):
 PSYoungGen      total 313344K, used 298464K [0x00000000eb200000, 0x00000000ff700000, 0x0000000100000000)
  eden space 295936K, 100% used [0x00000000eb200000,0x00000000fd300000,0x00000000fd300000)
  from space 17408K, 14% used [0x00000000fe600000,0x00000000fe878000,0x00000000ff700000)
  to   space 18432K, 0% used [0x00000000fd300000,0x00000000fd300000,0x00000000fe500000)
 ParOldGen       total 159744K, used 147278K [0x00000000c1600000, 0x00000000cb200000, 0x00000000eb200000)
  object space 159744K, 92% used [0x00000000c1600000,0x00000000ca5d3880,0x00000000cb200000)
 Metaspace       used 175672K, capacity 181886K, committed 182232K, reserved 1212416K
  class space    used 17083K, capacity 18579K, committed 18688K, reserved 1048576K
Event: 9161.703 GC heap after
Heap after GC invocations=489 (full 40):
 PSYoungGen      total 314368K, used 2976K [0x00000000eb200000, 0x00000000ff700000, 0x0000000100000000)
  eden space 295936K, 0% used [0x00000000eb200000,0x00000000eb200000,0x00000000fd300000)
  from space 18432K, 16% used [0x00000000fd300000,0x00000000fd5e8000,0x00000000fe500000)
  to   space 17408K, 0% used [0x00000000fe600000,0x00000000fe600000,0x00000000ff700000)
 ParOldGen       total 159744K, used 147278K [0x00000000c1600000, 0x00000000cb200000, 0x00000000eb200000)
  object space 159744K, 92% used [0x00000000c1600000,0x00000000ca5d3880,0x00000000cb200000)
 Metaspace       used 175672K, capacity 181886K, committed 182232K, reserved 1212416K
  class space    used 17083K, capacity 18579K, committed 18688K, reserved 1048576K
}
Event: 9184.507 GC heap before
{Heap before GC invocations=490 (full 40):
 PSYoungGen      total 314368K, used 298912K [0x00000000eb200000, 0x00000000ff700000, 0x0000000100000000)
  eden space 295936K, 100% used [0x00000000eb200000,0x00000000fd300000,0x00000000fd300000)
  from space 18432K, 16% used [0x00000000fd300000,0x00000000fd5e8000,0x00000000fe500000)
  to   space 17408K, 0% used [0x00000000fe600000,0x00000000fe600000,0x00000000ff700000)
 ParOldGen       total 159744K, used 147278K [0x00000000c1600000, 0x00000000cb200000, 0x00000000eb200000)
  object space 159744K, 92% used [0x00000000c1600000,0x00000000ca5d3880,0x00000000cb200000)
 Metaspace       used 175672K, capacity 181886K, committed 182232K, reserved 1212416K
  class space    used 17083K, capacity 18579K, committed 18688K, reserved 1048576K
Event: 9184.515 GC heap after
Heap after GC invocations=490 (full 40):
 PSYoungGen      total 313344K, used 3552K [0x00000000eb200000, 0x00000000ff580000, 0x0000000100000000)
  eden space 297472K, 0% used [0x00000000eb200000,0x00000000eb200000,0x00000000fd480000)
  from space 15872K, 22% used [0x00000000fe600000,0x00000000fe978000,0x00000000ff580000)
  to   space 16896K, 0% used [0x00000000fd480000,0x00000000fd480000,0x00000000fe500000)
 ParOldGen       total 159744K, used 147278K [0x00000000c1600000, 0x00000000cb200000, 0x00000000eb200000)
  object space 159744K, 92% used [0x00000000c1600000,0x00000000ca5d3880,0x00000000cb200000)
 Metaspace       used 175672K, capacity 181886K, committed 182232K, reserved 1212416K
  class space    used 17083K, capacity 18579K, committed 18688K, reserved 1048576K
}

