# JRE version: Java(TM) SE Runtime Environment (8.0_65-b17) (build 1.8.0_65-b17)
# Java VM: Java HotSpot(TM) 64-Bit Server VM (25.65-b01 mixed mode windows-amd64 compressed oops)
Heap:
 PSYoungGen      total 183296K, used 181472K [0x00000000eb200000, 0x00000000f6780000, 0x0000000100000000)
  eden space 181248K, 100% used [0x00000000eb200000,0x00000000f6300000,0x00000000f6300000)
  from space 2048K, 10% used [0x00000000f6300000,0x00000000f6338000,0x00000000f6500000)
  to   space 2048K, 94% used [0x00000000f6580000,0x00000000f6764010,0x00000000f6780000)
 ParOldGen       total 145408K, used 85274K [0x00000000c1600000, 0x00000000ca400000, 0x00000000eb200000)
  object space 145408K, 58% used [0x00000000c1600000,0x00000000c69469d8,0x00000000ca400000)
 Metaspace       used 116127K, capacity 118474K, committed 119464K, reserved 1157120K
  class space    used 11803K, capacity 12230K, committed 12456K, reserved 1048576K
GC Heap History (10 events):
Event: 5124.702 GC heap after
Heap after GC invocations=143 (full 16):
 PSYoungGen      total 182272K, used 448K [0x00000000eb200000, 0x00000000f6680000, 0x0000000100000000)
  eden space 179712K, 0% used [0x00000000eb200000,0x00000000eb200000,0x00000000f6180000)
  from space 2560K, 17% used [0x00000000f6180000,0x00000000f61f0000,0x00000000f6400000)
  to   space 2048K, 0% used [0x00000000f6480000,0x00000000f6480000,0x00000000f6680000)
 ParOldGen       total 145408K, used 85266K [0x00000000c1600000, 0x00000000ca400000, 0x00000000eb200000)
  object space 145408K, 58% used [0x00000000c1600000,0x00000000c69449d8,0x00000000ca400000)
 Metaspace       used 111817K, capacity 114022K, committed 115624K, reserved 1153024K
  class space    used 11260K, capacity 11619K, committed 11944K, reserved 1048576K
}
Event: 5194.936 GC heap before
{Heap before GC invocations=144 (full 16):
 PSYoungGen      total 182272K, used 180160K [0x00000000eb200000, 0x00000000f6680000, 0x0000000100000000)
  eden space 179712K, 100% used [0x00000000eb200000,0x00000000f6180000,0x00000000f6180000)
  from space 2560K, 17% used [0x00000000f6180000,0x00000000f61f0000,0x00000000f6400000)
  to   space 2048K, 0% used [0x00000000f6480000,0x00000000f6480000,0x00000000f6680000)
 ParOldGen       total 145408K, used 85266K [0x00000000c1600000, 0x00000000ca400000, 0x00000000eb200000)
  object space 145408K, 58% used [0x00000000c1600000,0x00000000c69449d8,0x00000000ca400000)
 Metaspace       used 111817K, capacity 114022K, committed 115624K, reserved 1153024K
  class space    used 11260K, capacity 11619K, committed 11944K, reserved 1048576K
Event: 5194.941 GC heap after
Heap after GC invocations=144 (full 16):
 PSYoungGen      total 182784K, used 448K [0x00000000eb200000, 0x00000000f6680000, 0x0000000100000000)
  eden space 180736K, 0% used [0x00000000eb200000,0x00000000eb200000,0x00000000f6280000)
  from space 2048K, 21% used [0x00000000f6480000,0x00000000f64f0000,0x00000000f6680000)
  to   space 2048K, 0% used [0x00000000f6280000,0x00000000f6280000,0x00000000f6480000)
 ParOldGen       total 145408K, used 85266K [0x00000000c1600000, 0x00000000ca400000, 0x00000000eb200000)
  object space 145408K, 58% used [0x00000000c1600000,0x00000000c69449d8,0x00000000ca400000)
 Metaspace       used 111817K, capacity 114022K, committed 115624K, reserved 1153024K
  class space    used 11260K, capacity 11619K, committed 11944K, reserved 1048576K
}
Event: 5265.250 GC heap before
{Heap before GC invocations=145 (full 16):
 PSYoungGen      total 182784K, used 181184K [0x00000000eb200000, 0x00000000f6680000, 0x0000000100000000)
  eden space 180736K, 100% used [0x00000000eb200000,0x00000000f6280000,0x00000000f6280000)
  from space 2048K, 21% used [0x00000000f6480000,0x00000000f64f0000,0x00000000f6680000)
  to   space 2048K, 0% used [0x00000000f6280000,0x00000000f6280000,0x00000000f6480000)
 ParOldGen       total 145408K, used 85266K [0x00000000c1600000, 0x00000000ca400000, 0x00000000eb200000)
  object space 145408K, 58% used [0x00000000c1600000,0x00000000c69449d8,0x00000000ca400000)
 Metaspace       used 111817K, capacity 114022K, committed 115624K, reserved 1153024K
  class space    used 11260K, capacity 11619K, committed 11944K, reserved 1048576K
Event: 5265.254 GC heap after
Heap after GC invocations=145 (full 16):
 PSYoungGen      total 182784K, used 384K [0x00000000eb200000, 0x00000000f6780000, 0x0000000100000000)
  eden space 180736K, 0% used [0x00000000eb200000,0x00000000eb200000,0x00000000f6280000)
  from space 2048K, 18% used [0x00000000f6280000,0x00000000f62e0000,0x00000000f6480000)
  to   space 2048K, 0% used [0x00000000f6580000,0x00000000f6580000,0x00000000f6780000)
 ParOldGen       total 145408K, used 85266K [0x00000000c1600000, 0x00000000ca400000, 0x00000000eb200000)
  object space 145408K, 58% used [0x00000000c1600000,0x00000000c69449d8,0x00000000ca400000)
 Metaspace       used 111817K, capacity 114022K, committed 115624K, reserved 1153024K
  class space    used 11260K, capacity 11619K, committed 11944K, reserved 1048576K
}
Event: 5334.711 GC heap before
{Heap before GC invocations=146 (full 16):
 PSYoungGen      total 182784K, used 181120K [0x00000000eb200000, 0x00000000f6780000, 0x0000000100000000)
  eden space 180736K, 100% used [0x00000000eb200000,0x00000000f6280000,0x00000000f6280000)
  from space 2048K, 18% used [0x00000000f6280000,0x00000000f62e0000,0x00000000f6480000)
  to   space 2048K, 0% used [0x00000000f6580000,0x00000000f6580000,0x00000000f6780000)
 ParOldGen       total 145408K, used 85266K [0x00000000c1600000, 0x00000000ca400000, 0x00000000eb200000)
  object space 145408K, 58% used [0x00000000c1600000,0x00000000c69449d8,0x00000000ca400000)
 Metaspace       used 111819K, capacity 114022K, committed 115624K, reserved 1153024K
  class space    used 11260K, capacity 11619K, committed 11944K, reserved 1048576K
Event: 5334.715 GC heap after
Heap after GC invocations=146 (full 16):
 PSYoungGen      total 182784K, used 352K [0x00000000eb200000, 0x00000000f6700000, 0x0000000100000000)
  eden space 181248K, 0% used [0x00000000eb200000,0x00000000eb200000,0x00000000f6300000)
  from space 1536K, 22% used [0x00000000f6580000,0x00000000f65d8000,0x00000000f6700000)
  to   space 2048K, 0% used [0x00000000f6300000,0x00000000f6300000,0x00000000f6500000)
 ParOldGen       total 145408K, used 85266K [0x00000000c1600000, 0x00000000ca400000, 0x00000000eb200000)
  object space 145408K, 58% used [0x00000000c1600000,0x00000000c69449d8,0x00000000ca400000)
 Metaspace       used 111819K, capacity 114022K, committed 115624K, reserved 1153024K
  class space    used 11260K, capacity 11619K, committed 11944K, reserved 1048576K
}
Event: 5405.824 GC heap before
{Heap before GC invocations=147 (full 16):
 PSYoungGen      total 182784K, used 181600K [0x00000000eb200000, 0x00000000f6700000, 0x0000000100000000)
  eden space 181248K, 100% used [0x00000000eb200000,0x00000000f6300000,0x00000000f6300000)
  from space 1536K, 22% used [0x00000000f6580000,0x00000000f65d8000,0x00000000f6700000)
  to   space 2048K, 0% used [0x00000000f6300000,0x00000000f6300000,0x00000000f6500000)
 ParOldGen       total 145408K, used 85266K [0x00000000c1600000, 0x00000000ca400000, 0x00000000eb200000)
  object space 145408K, 58% used [0x00000000c1600000,0x00000000c69449d8,0x00000000ca400000)
 Metaspace       used 111819K, capacity 114022K, committed 115624K, reserved 1153024K
  class space    used 11260K, capacity 11619K, committed 11944K, reserved 1048576K
Event: 5405.828 GC heap after
Heap after GC invocations=147 (full 16):
 PSYoungGen      total 183296K, used 224K [0x00000000eb200000, 0x00000000f6780000, 0x0000000100000000)
  eden space 181248K, 0% used [0x00000000eb200000,0x00000000eb200000,0x00000000f6300000)
  from space 2048K, 10% used [0x00000000f6300000,0x00000000f6338000,0x00000000f6500000)
  to   space 2048K, 0% used [0x00000000f6580000,0x00000000f6580000,0x00000000f6780000)
 ParOldGen       total 145408K, used 85266K [0x00000000c1600000, 0x00000000ca400000, 0x00000000eb200000)
  object space 145408K, 58% used [0x00000000c1600000,0x00000000c69449d8,0x00000000ca400000)
 Metaspace       used 111819K, capacity 114022K, committed 115624K, reserved 1153024K
  class space    used 11260K, capacity 11619K, committed 11944K, reserved 1048576K
}
Event: 5458.872 GC heap before
{Heap before GC invocations=148 (full 16):
 PSYoungGen      total 183296K, used 181472K [0x00000000eb200000, 0x00000000f6780000, 0x0000000100000000)
  eden space 181248K, 100% used [0x00000000eb200000,0x00000000f6300000,0x00000000f6300000)
  from space 2048K, 10% used [0x00000000f6300000,0x00000000f6338000,0x00000000f6500000)
  to   space 2048K, 0% used [0x00000000f6580000,0x00000000f6580000,0x00000000f6780000)
 ParOldGen       total 145408K, used 85266K [0x00000000c1600000, 0x00000000ca400000, 0x00000000eb200000)
  object space 145408K, 58% used [0x00000000c1600000,0x00000000c69449d8,0x00000000ca400000)
 Metaspace       used 116127K, capacity 118474K, committed 119464K, reserved 1157120K
  class space    used 11803K, capacity 12230K, committed 12456K, reserved 1048576K

