# JRE version: Java(TM) SE Runtime Environment (8.0_65-b17) (build 1.8.0_65-b17)
# Java VM: Java HotSpot(TM) 64-Bit Server VM (25.65-b01 mixed mode windows-amd64 compressed oops)
Heap:
 PSYoungGen      total 262656K, used 48676K [0x00000000eb200000, 0x00000000fec80000, 0x0000000100000000)
  eden space 250368K, 14% used [0x00000000eb200000,0x00000000ed58f5d8,0x00000000fa680000)
  from space 12288K, 99% used [0x00000000fa680000,0x00000000fb279da0,0x00000000fb280000)
  to   space 14848K, 0% used [0x00000000fde00000,0x00000000fde00000,0x00000000fec80000)
 ParOldGen       total 48128K, used 19839K [0x00000000c1600000, 0x00000000c4500000, 0x00000000eb200000)
  object space 48128K, 41% used [0x00000000c1600000,0x00000000c295fdc8,0x00000000c4500000)
 Metaspace       used 31747K, capacity 32122K, committed 32256K, reserved 1077248K
  class space    used 3914K, capacity 4040K, committed 4096K, reserved 1048576K
GC Heap History (10 events):
Event: 3.368 GC heap before
{Heap before GC invocations=6 (full 0):
 PSYoungGen      total 68096K, used 68080K [0x00000000eb200000, 0x00000000f4800000, 0x0000000100000000)
  eden space 65536K, 100% used [0x00000000eb200000,0x00000000ef200000,0x00000000ef200000)
  from space 2560K, 99% used [0x00000000ef200000,0x00000000ef47c010,0x00000000ef480000)
  to   space 11264K, 0% used [0x00000000f3d00000,0x00000000f3d00000,0x00000000f4800000)
 ParOldGen       total 44032K, used 16206K [0x00000000c1600000, 0x00000000c4100000, 0x00000000eb200000)
  object space 44032K, 36% used [0x00000000c1600000,0x00000000c25d39d8,0x00000000c4100000)
 Metaspace       used 20249K, capacity 20478K, committed 20608K, reserved 1067008K
  class space    used 2481K, capacity 2574K, committed 2688K, reserved 1048576K
Event: 3.380 GC heap after
Heap after GC invocations=6 (full 0):
 PSYoungGen      total 141312K, used 5016K [0x00000000eb200000, 0x00000000f4700000, 0x0000000100000000)
  eden space 131072K, 0% used [0x00000000eb200000,0x00000000eb200000,0x00000000f3200000)
  from space 10240K, 48% used [0x00000000f3d00000,0x00000000f41e60e0,0x00000000f4700000)
  to   space 10752K, 0% used [0x00000000f3200000,0x00000000f3200000,0x00000000f3c80000)
 ParOldGen       total 44032K, used 16214K [0x00000000c1600000, 0x00000000c4100000, 0x00000000eb200000)
  object space 44032K, 36% used [0x00000000c1600000,0x00000000c25d59d8,0x00000000c4100000)
 Metaspace       used 20249K, capacity 20478K, committed 20608K, reserved 1067008K
  class space    used 2481K, capacity 2574K, committed 2688K, reserved 1048576K
}
Event: 4.170 GC heap before
{Heap before GC invocations=7 (full 0):
 PSYoungGen      total 141312K, used 113660K [0x00000000eb200000, 0x00000000f4700000, 0x0000000100000000)
  eden space 131072K, 82% used [0x00000000eb200000,0x00000000f1c191c8,0x00000000f3200000)
  from space 10240K, 48% used [0x00000000f3d00000,0x00000000f41e60e0,0x00000000f4700000)
  to   space 10752K, 0% used [0x00000000f3200000,0x00000000f3200000,0x00000000f3c80000)
 ParOldGen       total 44032K, used 16214K [0x00000000c1600000, 0x00000000c4100000, 0x00000000eb200000)
  object space 44032K, 36% used [0x00000000c1600000,0x00000000c25d59d8,0x00000000c4100000)
 Metaspace       used 20951K, capacity 21180K, committed 21296K, reserved 1069056K
  class space    used 2586K, capacity 2675K, committed 2688K, reserved 1048576K
Event: 4.219 GC heap after
Heap after GC invocations=7 (full 0):
 PSYoungGen      total 141824K, used 8982K [0x00000000eb200000, 0x00000000fc900000, 0x0000000100000000)
  eden space 131072K, 0% used [0x00000000eb200000,0x00000000eb200000,0x00000000f3200000)
  from space 10752K, 83% used [0x00000000f3200000,0x00000000f3ac59d0,0x00000000f3c80000)
  to   space 11776K, 0% used [0x00000000fbd80000,0x00000000fbd80000,0x00000000fc900000)
 ParOldGen       total 44032K, used 16687K [0x00000000c1600000, 0x00000000c4100000, 0x00000000eb200000)
  object space 44032K, 37% used [0x00000000c1600000,0x00000000c264bf40,0x00000000c4100000)
 Metaspace       used 20951K, capacity 21180K, committed 21296K, reserved 1069056K
  class space    used 2586K, capacity 2675K, committed 2688K, reserved 1048576K
}
Event: 4.219 GC heap before
{Heap before GC invocations=8 (full 1):
 PSYoungGen      total 141824K, used 8982K [0x00000000eb200000, 0x00000000fc900000, 0x0000000100000000)
  eden space 131072K, 0% used [0x00000000eb200000,0x00000000eb200000,0x00000000f3200000)
  from space 10752K, 83% used [0x00000000f3200000,0x00000000f3ac59d0,0x00000000f3c80000)
  to   space 11776K, 0% used [0x00000000fbd80000,0x00000000fbd80000,0x00000000fc900000)
 ParOldGen       total 44032K, used 16687K [0x00000000c1600000, 0x00000000c4100000, 0x00000000eb200000)
  object space 44032K, 37% used [0x00000000c1600000,0x00000000c264bf40,0x00000000c4100000)
 Metaspace       used 20951K, capacity 21180K, committed 21296K, reserved 1069056K
  class space    used 2586K, capacity 2675K, committed 2688K, reserved 1048576K
Event: 4.404 GC heap after
Heap after GC invocations=8 (full 1):
 PSYoungGen      total 141824K, used 0K [0x00000000eb200000, 0x00000000fc900000, 0x0000000100000000)
  eden space 131072K, 0% used [0x00000000eb200000,0x00000000eb200000,0x00000000f3200000)
  from space 10752K, 0% used [0x00000000f3200000,0x00000000f3200000,0x00000000f3c80000)
  to   space 11776K, 0% used [0x00000000fbd80000,0x00000000fbd80000,0x00000000fc900000)
 ParOldGen       total 48128K, used 18543K [0x00000000c1600000, 0x00000000c4500000, 0x00000000eb200000)
  object space 48128K, 38% used [0x00000000c1600000,0x00000000c281bee8,0x00000000c4500000)
 Metaspace       used 20951K, capacity 21180K, committed 21296K, reserved 1069056K
  class space    used 2586K, capacity 2675K, committed 2688K, reserved 1048576K
}
Event: 5.356 GC heap before
{Heap before GC invocations=9 (full 1):
 PSYoungGen      total 141824K, used 131072K [0x00000000eb200000, 0x00000000fc900000, 0x0000000100000000)
  eden space 131072K, 100% used [0x00000000eb200000,0x00000000f3200000,0x00000000f3200000)
  from space 10752K, 0% used [0x00000000f3200000,0x00000000f3200000,0x00000000f3c80000)
  to   space 11776K, 0% used [0x00000000fbd80000,0x00000000fbd80000,0x00000000fc900000)
 ParOldGen       total 48128K, used 18543K [0x00000000c1600000, 0x00000000c4500000, 0x00000000eb200000)
  object space 48128K, 38% used [0x00000000c1600000,0x00000000c281bee8,0x00000000c4500000)
 Metaspace       used 21065K, capacity 21404K, committed 21680K, reserved 1069056K
  class space    used 2618K, capacity 2707K, committed 2816K, reserved 1048576K
Event: 5.358 GC heap after
Heap after GC invocations=9 (full 1):
 PSYoungGen      total 217088K, used 544K [0x00000000eb200000, 0x00000000fbe80000, 0x0000000100000000)
  eden space 216064K, 0% used [0x00000000eb200000,0x00000000eb200000,0x00000000f8500000)
  from space 1024K, 53% used [0x00000000fbd80000,0x00000000fbe08000,0x00000000fbe80000)
  to   space 12288K, 0% used [0x00000000fa680000,0x00000000fa680000,0x00000000fb280000)
 ParOldGen       total 48128K, used 18551K [0x00000000c1600000, 0x00000000c4500000, 0x00000000eb200000)
  object space 48128K, 38% used [0x00000000c1600000,0x00000000c281dee8,0x00000000c4500000)
 Metaspace       used 21065K, capacity 21404K, committed 21680K, reserved 1069056K
  class space    used 2618K, capacity 2707K, committed 2816K, reserved 1048576K
}
Event: 9.454 GC heap before
{Heap before GC invocations=10 (full 1):
 PSYoungGen      total 217088K, used 216608K [0x00000000eb200000, 0x00000000fbe80000, 0x0000000100000000)
  eden space 216064K, 100% used [0x00000000eb200000,0x00000000f8500000,0x00000000f8500000)
  from space 1024K, 53% used [0x00000000fbd80000,0x00000000fbe08000,0x00000000fbe80000)
  to   space 12288K, 0% used [0x00000000fa680000,0x00000000fa680000,0x00000000fb280000)
 ParOldGen       total 48128K, used 18551K [0x00000000c1600000, 0x00000000c4500000, 0x00000000eb200000)
  object space 48128K, 38% used [0x00000000c1600000,0x00000000c281dee8,0x00000000c4500000)
 Metaspace       used 29178K, capacity 29492K, committed 29696K, reserved 1075200K
  class space    used 3674K, capacity 3783K, committed 3840K, reserved 1048576K
Event: 9.489 GC heap after
Heap after GC invocations=10 (full 1):
 PSYoungGen      total 262656K, used 12263K [0x00000000eb200000, 0x00000000fec80000, 0x0000000100000000)
  eden space 250368K, 0% used [0x00000000eb200000,0x00000000eb200000,0x00000000fa680000)
  from space 12288K, 99% used [0x00000000fa680000,0x00000000fb279da0,0x00000000fb280000)
  to   space 14848K, 0% used [0x00000000fde00000,0x00000000fde00000,0x00000000fec80000)
 ParOldGen       total 48128K, used 19839K [0x00000000c1600000, 0x00000000c4500000, 0x00000000eb200000)
  object space 48128K, 41% used [0x00000000c1600000,0x00000000c295fdc8,0x00000000c4500000)
 Metaspace       used 29178K, capacity 29492K, committed 29696K, reserved 1075200K
  class space    used 3674K, capacity 3783K, committed 3840K, reserved 1048576K
}

