# JRE version: Java(TM) SE Runtime Environment (8.0_65-b17) (build 1.8.0_65-b17)
# Java VM: Java HotSpot(TM) 64-Bit Server VM (25.65-b01 mixed mode windows-amd64 compressed oops)
Heap:
 PSYoungGen      total 314368K, used 1726K [0x00000000eb200000, 0x00000000ffe80000, 0x0000000100000000)
  eden space 290304K, 0% used [0x00000000eb200000,0x00000000eb200000,0x00000000fcd80000)
  from space 24064K, 7% used [0x00000000fe700000,0x00000000fe8af9d0,0x00000000ffe80000)
  to   space 25088K, 0% used [0x00000000fcd80000,0x00000000fcd80000,0x00000000fe600000)
 ParOldGen       total 148480K, used 136180K [0x00000000c1600000, 0x00000000ca700000, 0x00000000eb200000)
  object space 148480K, 91% used [0x00000000c1600000,0x00000000c9afd3c0,0x00000000ca700000)
 Metaspace       used 132398K, capacity 138952K, committed 139224K, reserved 1173504K
  class space    used 13685K, capacity 14787K, committed 14848K, reserved 1048576K
GC Heap History (10 events):
Event: 18411.933 GC heap after
Heap after GC invocations=325 (full 17):
 PSYoungGen      total 312832K, used 4976K [0x00000000eb200000, 0x00000000ffc80000, 0x0000000100000000)
  eden space 288256K, 0% used [0x00000000eb200000,0x00000000eb200000,0x00000000fcb80000)
  from space 24576K, 20% used [0x00000000fe480000,0x00000000fe95c090,0x00000000ffc80000)
  to   space 25088K, 0% used [0x00000000fcb80000,0x00000000fcb80000,0x00000000fe400000)
 ParOldGen       total 148480K, used 107535K [0x00000000c1600000, 0x00000000ca700000, 0x00000000eb200000)
  object space 148480K, 72% used [0x00000000c1600000,0x00000000c7f03cb0,0x00000000ca700000)
 Metaspace       used 127434K, capacity 133070K, committed 133208K, reserved 1169408K
  class space    used 13190K, capacity 14144K, committed 14208K, reserved 1048576K
}
Event: 18418.101 GC heap before
{Heap before GC invocations=326 (full 17):
 PSYoungGen      total 312832K, used 293232K [0x00000000eb200000, 0x00000000ffc80000, 0x0000000100000000)
  eden space 288256K, 100% used [0x00000000eb200000,0x00000000fcb80000,0x00000000fcb80000)
  from space 24576K, 20% used [0x00000000fe480000,0x00000000fe95c090,0x00000000ffc80000)
  to   space 25088K, 0% used [0x00000000fcb80000,0x00000000fcb80000,0x00000000fe400000)
 ParOldGen       total 148480K, used 107535K [0x00000000c1600000, 0x00000000ca700000, 0x00000000eb200000)
  object space 148480K, 72% used [0x00000000c1600000,0x00000000c7f03cb0,0x00000000ca700000)
 Metaspace       used 127940K, capacity 133774K, committed 133848K, reserved 1169408K
  class space    used 13282K, capacity 14276K, committed 14336K, reserved 1048576K
Event: 18418.119 GC heap after
Heap after GC invocations=326 (full 17):
 PSYoungGen      total 313344K, used 10072K [0x00000000eb200000, 0x00000000ffe80000, 0x0000000100000000)
  eden space 288256K, 0% used [0x00000000eb200000,0x00000000eb200000,0x00000000fcb80000)
  from space 25088K, 40% used [0x00000000fcb80000,0x00000000fd556300,0x00000000fe400000)
  to   space 24064K, 0% used [0x00000000fe700000,0x00000000fe700000,0x00000000ffe80000)
 ParOldGen       total 148480K, used 110941K [0x00000000c1600000, 0x00000000ca700000, 0x00000000eb200000)
  object space 148480K, 74% used [0x00000000c1600000,0x00000000c8257538,0x00000000ca700000)
 Metaspace       used 127940K, capacity 133774K, committed 133848K, reserved 1169408K
  class space    used 13282K, capacity 14276K, committed 14336K, reserved 1048576K
}
Event: 18419.576 GC heap before
{Heap before GC invocations=327 (full 17):
 PSYoungGen      total 313344K, used 298328K [0x00000000eb200000, 0x00000000ffe80000, 0x0000000100000000)
  eden space 288256K, 100% used [0x00000000eb200000,0x00000000fcb80000,0x00000000fcb80000)
  from space 25088K, 40% used [0x00000000fcb80000,0x00000000fd556300,0x00000000fe400000)
  to   space 24064K, 0% used [0x00000000fe700000,0x00000000fe700000,0x00000000ffe80000)
 ParOldGen       total 148480K, used 110941K [0x00000000c1600000, 0x00000000ca700000, 0x00000000eb200000)
  object space 148480K, 74% used [0x00000000c1600000,0x00000000c8257538,0x00000000ca700000)
 Metaspace       used 129627K, capacity 135836K, committed 135896K, reserved 1171456K
  class space    used 13492K, capacity 14545K, committed 14592K, reserved 1048576K
Event: 18419.608 GC heap after
Heap after GC invocations=327 (full 17):
 PSYoungGen      total 312832K, used 20193K [0x00000000eb200000, 0x0000000100000000, 0x0000000100000000)
  eden space 288768K, 0% used [0x00000000eb200000,0x00000000eb200000,0x00000000fcc00000)
  from space 24064K, 83% used [0x00000000fe700000,0x00000000ffab8628,0x00000000ffe80000)
  to   space 26624K, 0% used [0x00000000fcc00000,0x00000000fcc00000,0x00000000fe600000)
 ParOldGen       total 148480K, used 110949K [0x00000000c1600000, 0x00000000ca700000, 0x00000000eb200000)
  object space 148480K, 74% used [0x00000000c1600000,0x00000000c8259538,0x00000000ca700000)
 Metaspace       used 129627K, capacity 135836K, committed 135896K, reserved 1171456K
  class space    used 13492K, capacity 14545K, committed 14592K, reserved 1048576K
}
Event: 18434.315 GC heap before
{Heap before GC invocations=328 (full 17):
 PSYoungGen      total 312832K, used 308961K [0x00000000eb200000, 0x0000000100000000, 0x0000000100000000)
  eden space 288768K, 100% used [0x00000000eb200000,0x00000000fcc00000,0x00000000fcc00000)
  from space 24064K, 83% used [0x00000000fe700000,0x00000000ffab8628,0x00000000ffe80000)
  to   space 26624K, 0% used [0x00000000fcc00000,0x00000000fcc00000,0x00000000fe600000)
 ParOldGen       total 148480K, used 110949K [0x00000000c1600000, 0x00000000ca700000, 0x00000000eb200000)
  object space 148480K, 74% used [0x00000000c1600000,0x00000000c8259538,0x00000000ca700000)
 Metaspace       used 132081K, capacity 138490K, committed 138712K, reserved 1173504K
  class space    used 13641K, capacity 14742K, committed 14848K, reserved 1048576K
Event: 18434.394 GC heap after
Heap after GC invocations=328 (full 17):
 PSYoungGen      total 315392K, used 10064K [0x00000000eb200000, 0x00000000fff80000, 0x0000000100000000)
  eden space 288768K, 0% used [0x00000000eb200000,0x00000000eb200000,0x00000000fcc00000)
  from space 26624K, 37% used [0x00000000fcc00000,0x00000000fd5d40c0,0x00000000fe600000)
  to   space 25088K, 0% used [0x00000000fe700000,0x00000000fe700000,0x00000000fff80000)
 ParOldGen       total 148480K, used 126557K [0x00000000c1600000, 0x00000000ca700000, 0x00000000eb200000)
  object space 148480K, 85% used [0x00000000c1600000,0x00000000c91976f0,0x00000000ca700000)
 Metaspace       used 132081K, capacity 138490K, committed 138712K, reserved 1173504K
  class space    used 13641K, capacity 14742K, committed 14848K, reserved 1048576K
}
Event: 18476.408 GC heap before
{Heap before GC invocations=329 (full 17):
 PSYoungGen      total 315392K, used 298832K [0x00000000eb200000, 0x00000000fff80000, 0x0000000100000000)
  eden space 288768K, 100% used [0x00000000eb200000,0x00000000fcc00000,0x00000000fcc00000)
  from space 26624K, 37% used [0x00000000fcc00000,0x00000000fd5d40c0,0x00000000fe600000)
  to   space 25088K, 0% used [0x00000000fe700000,0x00000000fe700000,0x00000000fff80000)
 ParOldGen       total 148480K, used 126557K [0x00000000c1600000, 0x00000000ca700000, 0x00000000eb200000)
  object space 148480K, 85% used [0x00000000c1600000,0x00000000c91976f0,0x00000000ca700000)
 Metaspace       used 132398K, capacity 138952K, committed 139224K, reserved 1173504K
  class space    used 13685K, capacity 14787K, committed 14848K, reserved 1048576K
Event: 18476.430 GC heap after
Heap after GC invocations=329 (full 17):
 PSYoungGen      total 314368K, used 1726K [0x00000000eb200000, 0x00000000ffe80000, 0x0000000100000000)
  eden space 290304K, 0% used [0x00000000eb200000,0x00000000eb200000,0x00000000fcd80000)
  from space 24064K, 7% used [0x00000000fe700000,0x00000000fe8af9d0,0x00000000ffe80000)
  to   space 25088K, 0% used [0x00000000fcd80000,0x00000000fcd80000,0x00000000fe600000)
 ParOldGen       total 148480K, used 136180K [0x00000000c1600000, 0x00000000ca700000, 0x00000000eb200000)
  object space 148480K, 91% used [0x00000000c1600000,0x00000000c9afd3c0,0x00000000ca700000)
 Metaspace       used 132398K, capacity 138952K, committed 139224K, reserved 1173504K
  class space    used 13685K, capacity 14787K, committed 14848K, reserved 1048576K
}
Event: 18476.430 GC heap before
{Heap before GC invocations=330 (full 18):
 PSYoungGen      total 314368K, used 1726K [0x00000000eb200000, 0x00000000ffe80000, 0x0000000100000000)
  eden space 290304K, 0% used [0x00000000eb200000,0x00000000eb200000,0x00000000fcd80000)
  from space 24064K, 7% used [0x00000000fe700000,0x00000000fe8af9d0,0x00000000ffe80000)
  to   space 25088K, 0% used [0x00000000fcd80000,0x00000000fcd80000,0x00000000fe600000)
 ParOldGen       total 148480K, used 136180K [0x00000000c1600000, 0x00000000ca700000, 0x00000000eb200000)
  object space 148480K, 91% used [0x00000000c1600000,0x00000000c9afd3c0,0x00000000ca700000)
 Metaspace       used 132398K, capacity 138952K, committed 139224K, reserved 1173504K
  class space    used 13685K, capacity 14787K, committed 14848K, reserved 1048576K

