# JRE version: Java(TM) SE Runtime Environment (8.0_65-b17) (build 1.8.0_65-b17)
# Java VM: Java HotSpot(TM) Client VM (25.65-b01 mixed mode windows-x86 )
Heap:
 def new generation   total 26048K, used 11631K [0x04600000, 0x06240000, 0x09b50000)
  eden space 23168K,  47% used [0x04600000, 0x050aa410, 0x05ca0000)
  from space 2880K,  24% used [0x05ca0000, 0x05d51998, 0x05f70000)
  to   space 2880K,   0% used [0x05f70000, 0x05f70000, 0x06240000)
 tenured generation   total 57780K, used 49444K [0x09b50000, 0x0d3bd000, 0x14600000)
   the space 57780K,  85% used [0x09b50000, 0x0cb99270, 0x0cb99400, 0x0d3bd000)
 Metaspace       used 36679K, capacity 37329K, committed 37376K, reserved 38272K
GC Heap History (10 events):
Event: 1443.961 GC heap after
Heap after GC invocations=199 (full 7):
 def new generation   total 26048K, used 206K [0x04600000, 0x06240000, 0x09b50000)
  eden space 23168K,   0% used [0x04600000, 0x04600000, 0x05ca0000)
  from space 2880K,   7% used [0x05ca0000, 0x05cd3aa0, 0x05f70000)
  to   space 2880K,   0% used [0x05f70000, 0x05f70000, 0x06240000)
 tenured generation   total 57780K, used 48331K [0x09b50000, 0x0d3bd000, 0x14600000)
   the space 57780K,  83% used [0x09b50000, 0x0ca82dd0, 0x0ca82e00, 0x0d3bd000)
 Metaspace       used 36567K, capacity 37188K, committed 37248K, reserved 37248K
}
Event: 1498.586 GC heap before
{Heap before GC invocations=199 (full 7):
 def new generation   total 26048K, used 23374K [0x04600000, 0x06240000, 0x09b50000)
  eden space 23168K, 100% used [0x04600000, 0x05ca0000, 0x05ca0000)
  from space 2880K,   7% used [0x05ca0000, 0x05cd3aa0, 0x05f70000)
  to   space 2880K,   0% used [0x05f70000, 0x05f70000, 0x06240000)
 tenured generation   total 57780K, used 48331K [0x09b50000, 0x0d3bd000, 0x14600000)
   the space 57780K,  83% used [0x09b50000, 0x0ca82dd0, 0x0ca82e00, 0x0d3bd000)
 Metaspace       used 36567K, capacity 37188K, committed 37248K, reserved 37248K
Event: 1498.590 GC heap after
Heap after GC invocations=200 (full 7):
 def new generation   total 26048K, used 298K [0x04600000, 0x06240000, 0x09b50000)
  eden space 23168K,   0% used [0x04600000, 0x04600000, 0x05ca0000)
  from space 2880K,  10% used [0x05f70000, 0x05fbab80, 0x06240000)
  to   space 2880K,   0% used [0x05ca0000, 0x05ca0000, 0x05f70000)
 tenured generation   total 57780K, used 48331K [0x09b50000, 0x0d3bd000, 0x14600000)
   the space 57780K,  83% used [0x09b50000, 0x0ca82dd0, 0x0ca82e00, 0x0d3bd000)
 Metaspace       used 36567K, capacity 37188K, committed 37248K, reserved 37248K
}
Event: 1544.136 GC heap before
{Heap before GC invocations=200 (full 7):
 def new generation   total 26048K, used 23466K [0x04600000, 0x06240000, 0x09b50000)
  eden space 23168K, 100% used [0x04600000, 0x05ca0000, 0x05ca0000)
  from space 2880K,  10% used [0x05f70000, 0x05fbab80, 0x06240000)
  to   space 2880K,   0% used [0x05ca0000, 0x05ca0000, 0x05f70000)
 tenured generation   total 57780K, used 48331K [0x09b50000, 0x0d3bd000, 0x14600000)
   the space 57780K,  83% used [0x09b50000, 0x0ca82dd0, 0x0ca82e00, 0x0d3bd000)
 Metaspace       used 36633K, capacity 37290K, committed 37376K, reserved 38272K
Event: 1544.143 GC heap after
Heap after GC invocations=201 (full 7):
 def new generation   total 26048K, used 1142K [0x04600000, 0x06240000, 0x09b50000)
  eden space 23168K,   0% used [0x04600000, 0x04600000, 0x05ca0000)
  from space 2880K,  39% used [0x05ca0000, 0x05dbdaf8, 0x05f70000)
  to   space 2880K,   0% used [0x05f70000, 0x05f70000, 0x06240000)
 tenured generation   total 57780K, used 48331K [0x09b50000, 0x0d3bd000, 0x14600000)
   the space 57780K,  83% used [0x09b50000, 0x0ca82dd0, 0x0ca82e00, 0x0d3bd000)
 Metaspace       used 36633K, capacity 37290K, committed 37376K, reserved 38272K
}
Event: 1583.456 GC heap before
{Heap before GC invocations=201 (full 7):
 def new generation   total 26048K, used 24310K [0x04600000, 0x06240000, 0x09b50000)
  eden space 23168K, 100% used [0x04600000, 0x05ca0000, 0x05ca0000)
  from space 2880K,  39% used [0x05ca0000, 0x05dbdaf8, 0x05f70000)
  to   space 2880K,   0% used [0x05f70000, 0x05f70000, 0x06240000)
 tenured generation   total 57780K, used 48331K [0x09b50000, 0x0d3bd000, 0x14600000)
   the space 57780K,  83% used [0x09b50000, 0x0ca82dd0, 0x0ca82e00, 0x0d3bd000)
 Metaspace       used 36677K, capacity 37327K, committed 37376K, reserved 38272K
Event: 1583.463 GC heap after
Heap after GC invocations=202 (full 7):
 def new generation   total 26048K, used 1824K [0x04600000, 0x06240000, 0x09b50000)
  eden space 23168K,   0% used [0x04600000, 0x04600000, 0x05ca0000)
  from space 2880K,  63% used [0x05f70000, 0x06138018, 0x06240000)
  to   space 2880K,   0% used [0x05ca0000, 0x05ca0000, 0x05f70000)
 tenured generation   total 57780K, used 48331K [0x09b50000, 0x0d3bd000, 0x14600000)
   the space 57780K,  83% used [0x09b50000, 0x0ca82dd0, 0x0ca82e00, 0x0d3bd000)
 Metaspace       used 36677K, capacity 37327K, committed 37376K, reserved 38272K
}
Event: 1643.442 GC heap before
{Heap before GC invocations=202 (full 7):
 def new generation   total 26048K, used 24992K [0x04600000, 0x06240000, 0x09b50000)
  eden space 23168K, 100% used [0x04600000, 0x05ca0000, 0x05ca0000)
  from space 2880K,  63% used [0x05f70000, 0x06138018, 0x06240000)
  to   space 2880K,   0% used [0x05ca0000, 0x05ca0000, 0x05f70000)
 tenured generation   total 57780K, used 48331K [0x09b50000, 0x0d3bd000, 0x14600000)
   the space 57780K,  83% used [0x09b50000, 0x0ca82dd0, 0x0ca82e00, 0x0d3bd000)
 Metaspace       used 36677K, capacity 37327K, committed 37376K, reserved 38272K
Event: 1643.449 GC heap after
Heap after GC invocations=203 (full 7):
 def new generation   total 26048K, used 710K [0x04600000, 0x06240000, 0x09b50000)
  eden space 23168K,   0% used [0x04600000, 0x04600000, 0x05ca0000)
  from space 2880K,  24% used [0x05ca0000, 0x05d51998, 0x05f70000)
  to   space 2880K,   0% used [0x05f70000, 0x05f70000, 0x06240000)
 tenured generation   total 57780K, used 49444K [0x09b50000, 0x0d3bd000, 0x14600000)
   the space 57780K,  85% used [0x09b50000, 0x0cb99270, 0x0cb99400, 0x0d3bd000)
 Metaspace       used 36677K, capacity 37327K, committed 37376K, reserved 38272K
}
Event: 1663.555 GC heap before
{Heap before GC invocations=203 (full 7):
 def new generation   total 26048K, used 11631K [0x04600000, 0x06240000, 0x09b50000)
  eden space 23168K,  47% used [0x04600000, 0x050aa410, 0x05ca0000)
  from space 2880K,  24% used [0x05ca0000, 0x05d51998, 0x05f70000)
  to   space 2880K,   0% used [0x05f70000, 0x05f70000, 0x06240000)
 tenured generation   total 57780K, used 49444K [0x09b50000, 0x0d3bd000, 0x14600000)
   the space 57780K,  85% used [0x09b50000, 0x0cb99270, 0x0cb99400, 0x0d3bd000)
 Metaspace       used 36679K, capacity 37329K, committed 37376K, reserved 38272K

