# JRE version: Java(TM) SE Runtime Environment (8.0_65-b17) (build 1.8.0_65-b17)
# Java VM: Java HotSpot(TM) 64-Bit Server VM (25.65-b01 mixed mode windows-amd64 compressed oops)
Heap:
 PSYoungGen      total 313856K, used 5600K [0x00000000eb200000, 0x0000000100000000, 0x0000000100000000)
  eden space 285184K, 0% used [0x00000000eb200000,0x00000000eb200000,0x00000000fc880000)
  from space 28672K, 19% used [0x00000000fe400000,0x00000000fe978080,0x0000000100000000)
  to   space 28160K, 0% used [0x00000000fc880000,0x00000000fc880000,0x00000000fe400000)
 ParOldGen       total 91136K, used 49688K [0x00000000c1600000, 0x00000000c6f00000, 0x00000000eb200000)
  object space 91136K, 54% used [0x00000000c1600000,0x00000000c46862c0,0x00000000c6f00000)
 Metaspace       used 85869K, capacity 87426K, committed 87592K, reserved 1128448K
  class space    used 9090K, capacity 9406K, committed 9512K, reserved 1048576K
GC Heap History (10 events):
Event: 448.845 GC heap after
Heap after GC invocations=42 (full 9):
 PSYoungGen      total 313344K, used 5072K [0x00000000eb200000, 0x0000000100000000, 0x0000000100000000)
  eden space 285696K, 0% used [0x00000000eb200000,0x00000000eb200000,0x00000000fc900000)
  from space 27648K, 18% used [0x00000000fc900000,0x00000000fcdf4090,0x00000000fe400000)
  to   space 27648K, 0% used [0x00000000fe500000,0x00000000fe500000,0x0000000100000000)
 ParOldGen       total 91136K, used 45991K [0x00000000c1600000, 0x00000000c6f00000, 0x00000000eb200000)
  object space 91136K, 50% used [0x00000000c1600000,0x00000000c42e9c98,0x00000000c6f00000)
 Metaspace       used 81691K, capacity 83042K, committed 83368K, reserved 1124352K
  class space    used 8775K, capacity 9034K, committed 9128K, reserved 1048576K
}
Event: 448.845 GC heap before
{Heap before GC invocations=43 (full 10):
 PSYoungGen      total 313344K, used 5072K [0x00000000eb200000, 0x0000000100000000, 0x0000000100000000)
  eden space 285696K, 0% used [0x00000000eb200000,0x00000000eb200000,0x00000000fc900000)
  from space 27648K, 18% used [0x00000000fc900000,0x00000000fcdf4090,0x00000000fe400000)
  to   space 27648K, 0% used [0x00000000fe500000,0x00000000fe500000,0x0000000100000000)
 ParOldGen       total 91136K, used 45991K [0x00000000c1600000, 0x00000000c6f00000, 0x00000000eb200000)
  object space 91136K, 50% used [0x00000000c1600000,0x00000000c42e9c98,0x00000000c6f00000)
 Metaspace       used 81691K, capacity 83042K, committed 83368K, reserved 1124352K
  class space    used 8775K, capacity 9034K, committed 9128K, reserved 1048576K
Event: 449.225 GC heap after
Heap after GC invocations=43 (full 10):
 PSYoungGen      total 313344K, used 0K [0x00000000eb200000, 0x0000000100000000, 0x0000000100000000)
  eden space 285696K, 0% used [0x00000000eb200000,0x00000000eb200000,0x00000000fc900000)
  from space 27648K, 0% used [0x00000000fc900000,0x00000000fc900000,0x00000000fe400000)
  to   space 27648K, 0% used [0x00000000fe500000,0x00000000fe500000,0x0000000100000000)
 ParOldGen       total 91136K, used 49664K [0x00000000c1600000, 0x00000000c6f00000, 0x00000000eb200000)
  object space 91136K, 54% used [0x00000000c1600000,0x00000000c46802c0,0x00000000c6f00000)
 Metaspace       used 81557K, capacity 82826K, committed 83368K, reserved 1124352K
  class space    used 8755K, capacity 8997K, committed 9128K, reserved 1048576K
}
Event: 450.317 GC heap before
{Heap before GC invocations=44 (full 10):
 PSYoungGen      total 313344K, used 285696K [0x00000000eb200000, 0x0000000100000000, 0x0000000100000000)
  eden space 285696K, 100% used [0x00000000eb200000,0x00000000fc900000,0x00000000fc900000)
  from space 27648K, 0% used [0x00000000fc900000,0x00000000fc900000,0x00000000fe400000)
  to   space 27648K, 0% used [0x00000000fe500000,0x00000000fe500000,0x0000000100000000)
 ParOldGen       total 91136K, used 49664K [0x00000000c1600000, 0x00000000c6f00000, 0x00000000eb200000)
  object space 91136K, 54% used [0x00000000c1600000,0x00000000c46802c0,0x00000000c6f00000)
 Metaspace       used 81906K, capacity 83212K, committed 83624K, reserved 1124352K
  class space    used 8829K, capacity 9076K, committed 9128K, reserved 1048576K
Event: 450.330 GC heap after
Heap after GC invocations=44 (full 10):
 PSYoungGen      total 311296K, used 9304K [0x00000000eb200000, 0x00000000ffd00000, 0x0000000100000000)
  eden space 286720K, 0% used [0x00000000eb200000,0x00000000eb200000,0x00000000fca00000)
  from space 24576K, 37% used [0x00000000fe500000,0x00000000fee16300,0x00000000ffd00000)
  to   space 26112K, 0% used [0x00000000fca00000,0x00000000fca00000,0x00000000fe380000)
 ParOldGen       total 91136K, used 49672K [0x00000000c1600000, 0x00000000c6f00000, 0x00000000eb200000)
  object space 91136K, 54% used [0x00000000c1600000,0x00000000c46822c0,0x00000000c6f00000)
 Metaspace       used 81906K, capacity 83212K, committed 83624K, reserved 1124352K
  class space    used 8829K, capacity 9076K, committed 9128K, reserved 1048576K
}
Event: 451.923 GC heap before
{Heap before GC invocations=45 (full 10):
 PSYoungGen      total 311296K, used 296024K [0x00000000eb200000, 0x00000000ffd00000, 0x0000000100000000)
  eden space 286720K, 100% used [0x00000000eb200000,0x00000000fca00000,0x00000000fca00000)
  from space 24576K, 37% used [0x00000000fe500000,0x00000000fee16300,0x00000000ffd00000)
  to   space 26112K, 0% used [0x00000000fca00000,0x00000000fca00000,0x00000000fe380000)
 ParOldGen       total 91136K, used 49672K [0x00000000c1600000, 0x00000000c6f00000, 0x00000000eb200000)
  object space 91136K, 54% used [0x00000000c1600000,0x00000000c46822c0,0x00000000c6f00000)
 Metaspace       used 83295K, capacity 84708K, committed 85160K, reserved 1124352K
  class space    used 8950K, capacity 9256K, committed 9384K, reserved 1048576K
Event: 451.968 GC heap after
Heap after GC invocations=45 (full 10):
 PSYoungGen      total 312832K, used 21312K [0x00000000eb200000, 0x0000000100000000, 0x0000000100000000)
  eden space 286720K, 0% used [0x00000000eb200000,0x00000000eb200000,0x00000000fca00000)
  from space 26112K, 81% used [0x00000000fca00000,0x00000000fded02f0,0x00000000fe380000)
  to   space 28672K, 0% used [0x00000000fe400000,0x00000000fe400000,0x0000000100000000)
 ParOldGen       total 91136K, used 49680K [0x00000000c1600000, 0x00000000c6f00000, 0x00000000eb200000)
  object space 91136K, 54% used [0x00000000c1600000,0x00000000c46842c0,0x00000000c6f00000)
 Metaspace       used 83295K, capacity 84708K, committed 85160K, reserved 1124352K
  class space    used 8950K, capacity 9256K, committed 9384K, reserved 1048576K
}
Event: 469.462 GC heap before
{Heap before GC invocations=46 (full 10):
 PSYoungGen      total 312832K, used 218796K [0x00000000eb200000, 0x0000000100000000, 0x0000000100000000)
  eden space 286720K, 68% used [0x00000000eb200000,0x00000000f72dae98,0x00000000fca00000)
  from space 26112K, 81% used [0x00000000fca00000,0x00000000fded02f0,0x00000000fe380000)
  to   space 28672K, 0% used [0x00000000fe400000,0x00000000fe400000,0x0000000100000000)
 ParOldGen       total 91136K, used 49680K [0x00000000c1600000, 0x00000000c6f00000, 0x00000000eb200000)
  object space 91136K, 54% used [0x00000000c1600000,0x00000000c46842c0,0x00000000c6f00000)
 Metaspace       used 85869K, capacity 87426K, committed 87592K, reserved 1128448K
  class space    used 9090K, capacity 9406K, committed 9512K, reserved 1048576K
Event: 469.472 GC heap after
Heap after GC invocations=46 (full 10):
 PSYoungGen      total 313856K, used 5600K [0x00000000eb200000, 0x0000000100000000, 0x0000000100000000)
  eden space 285184K, 0% used [0x00000000eb200000,0x00000000eb200000,0x00000000fc880000)
  from space 28672K, 19% used [0x00000000fe400000,0x00000000fe978080,0x0000000100000000)
  to   space 28160K, 0% used [0x00000000fc880000,0x00000000fc880000,0x00000000fe400000)
 ParOldGen       total 91136K, used 49688K [0x00000000c1600000, 0x00000000c6f00000, 0x00000000eb200000)
  object space 91136K, 54% used [0x00000000c1600000,0x00000000c46862c0,0x00000000c6f00000)
 Metaspace       used 85869K, capacity 87426K, committed 87592K, reserved 1128448K
  class space    used 9090K, capacity 9406K, committed 9512K, reserved 1048576K
}
Event: 469.472 GC heap before
{Heap before GC invocations=47 (full 11):
 PSYoungGen      total 313856K, used 5600K [0x00000000eb200000, 0x0000000100000000, 0x0000000100000000)
  eden space 285184K, 0% used [0x00000000eb200000,0x00000000eb200000,0x00000000fc880000)
  from space 28672K, 19% used [0x00000000fe400000,0x00000000fe978080,0x0000000100000000)
  to   space 28160K, 0% used [0x00000000fc880000,0x00000000fc880000,0x00000000fe400000)
 ParOldGen       total 91136K, used 49688K [0x00000000c1600000, 0x00000000c6f00000, 0x00000000eb200000)
  object space 91136K, 54% used [0x00000000c1600000,0x00000000c46862c0,0x00000000c6f00000)
 Metaspace       used 85869K, capacity 87426K, committed 87592K, reserved 1128448K
  class space    used 9090K, capacity 9406K, committed 9512K, reserved 1048576K

