# JRE version: Java(TM) SE Runtime Environment (8.0_65-b17) (build 1.8.0_65-b17)
# Java VM: Java HotSpot(TM) 64-Bit Server VM (25.65-b01 mixed mode windows-amd64 compressed oops)
Heap:
 PSYoungGen      total 329728K, used 320704K [0x00000000eb200000, 0x00000000ffe80000, 0x0000000100000000)
  eden space 320512K, 100% used [0x00000000eb200000,0x00000000feb00000,0x00000000feb00000)
  from space 9216K, 2% used [0x00000000feb00000,0x00000000feb30000,0x00000000ff400000)
  to   space 8704K, 1% used [0x00000000ff600000,0x00000000ff620000,0x00000000ffe80000)
 ParOldGen       total 91136K, used 42454K [0x00000000c1600000, 0x00000000c6f00000, 0x00000000eb200000)
  object space 91136K, 46% used [0x00000000c1600000,0x00000000c3f75b48,0x00000000c6f00000)
 Metaspace       used 59705K, capacity 60928K, committed 61016K, reserved 1103872K
  class space    used 6990K, capacity 7229K, committed 7296K, reserved 1048576K
GC Heap History (10 events):
Event: 1169.704 GC heap before
{Heap before GC invocations=35 (full 4):
 PSYoungGen      total 327680K, used 315872K [0x00000000eb200000, 0x00000000ffe00000, 0x0000000100000000)
  eden space 315392K, 100% used [0x00000000eb200000,0x00000000fe600000,0x00000000fe600000)
  from space 12288K, 3% used [0x00000000ff180000,0x00000000ff1f8000,0x00000000ffd80000)
  to   space 11776K, 0% used [0x00000000fe600000,0x00000000fe600000,0x00000000ff180000)
 ParOldGen       total 91136K, used 42222K [0x00000000c1600000, 0x00000000c6f00000, 0x00000000eb200000)
  object space 91136K, 46% used [0x00000000c1600000,0x00000000c3f3bb48,0x00000000c6f00000)
 Metaspace       used 59695K, capacity 60922K, committed 61016K, reserved 1103872K
  class space    used 6989K, capacity 7228K, committed 7296K, reserved 1048576K
Event: 1169.723 GC heap after
Heap after GC invocations=35 (full 4):
 PSYoungGen      total 327168K, used 320K [0x00000000eb200000, 0x00000000ffe80000, 0x0000000100000000)
  eden space 315392K, 0% used [0x00000000eb200000,0x00000000eb200000,0x00000000fe600000)
  from space 11776K, 2% used [0x00000000fe600000,0x00000000fe650000,0x00000000ff180000)
  to   space 11264K, 0% used [0x00000000ff380000,0x00000000ff380000,0x00000000ffe80000)
 ParOldGen       total 91136K, used 42294K [0x00000000c1600000, 0x00000000c6f00000, 0x00000000eb200000)
  object space 91136K, 46% used [0x00000000c1600000,0x00000000c3f4db48,0x00000000c6f00000)
 Metaspace       used 59695K, capacity 60922K, committed 61016K, reserved 1103872K
  class space    used 6989K, capacity 7228K, committed 7296K, reserved 1048576K
}
Event: 1174.081 GC heap before
{Heap before GC invocations=36 (full 4):
 PSYoungGen      total 327168K, used 315712K [0x00000000eb200000, 0x00000000ffe80000, 0x0000000100000000)
  eden space 315392K, 100% used [0x00000000eb200000,0x00000000fe600000,0x00000000fe600000)
  from space 11776K, 2% used [0x00000000fe600000,0x00000000fe650000,0x00000000ff180000)
  to   space 11264K, 0% used [0x00000000ff380000,0x00000000ff380000,0x00000000ffe80000)
 ParOldGen       total 91136K, used 42294K [0x00000000c1600000, 0x00000000c6f00000, 0x00000000eb200000)
  object space 91136K, 46% used [0x00000000c1600000,0x00000000c3f4db48,0x00000000c6f00000)
 Metaspace       used 59696K, capacity 60922K, committed 61016K, reserved 1103872K
  class space    used 6989K, capacity 7228K, committed 7296K, reserved 1048576K
Event: 1174.111 GC heap after
Heap after GC invocations=36 (full 4):
 PSYoungGen      total 329728K, used 352K [0x00000000eb200000, 0x00000000ffe80000, 0x0000000100000000)
  eden space 318464K, 0% used [0x00000000eb200000,0x00000000eb200000,0x00000000fe900000)
  from space 11264K, 3% used [0x00000000ff380000,0x00000000ff3d8000,0x00000000ffe80000)
  to   space 10752K, 0% used [0x00000000fe900000,0x00000000fe900000,0x00000000ff380000)
 ParOldGen       total 91136K, used 42326K [0x00000000c1600000, 0x00000000c6f00000, 0x00000000eb200000)
  object space 91136K, 46% used [0x00000000c1600000,0x00000000c3f55b48,0x00000000c6f00000)
 Metaspace       used 59696K, capacity 60922K, committed 61016K, reserved 1103872K
  class space    used 6989K, capacity 7228K, committed 7296K, reserved 1048576K
}
Event: 1178.849 GC heap before
{Heap before GC invocations=37 (full 4):
 PSYoungGen      total 329728K, used 318816K [0x00000000eb200000, 0x00000000ffe80000, 0x0000000100000000)
  eden space 318464K, 100% used [0x00000000eb200000,0x00000000fe900000,0x00000000fe900000)
  from space 11264K, 3% used [0x00000000ff380000,0x00000000ff3d8000,0x00000000ffe80000)
  to   space 10752K, 0% used [0x00000000fe900000,0x00000000fe900000,0x00000000ff380000)
 ParOldGen       total 91136K, used 42326K [0x00000000c1600000, 0x00000000c6f00000, 0x00000000eb200000)
  object space 91136K, 46% used [0x00000000c1600000,0x00000000c3f55b48,0x00000000c6f00000)
 Metaspace       used 59698K, capacity 60922K, committed 61016K, reserved 1103872K
  class space    used 6989K, capacity 7228K, committed 7296K, reserved 1048576K
Event: 1178.853 GC heap after
Heap after GC invocations=37 (full 4):
 PSYoungGen      total 329216K, used 384K [0x00000000eb200000, 0x00000000ffd80000, 0x0000000100000000)
  eden space 318464K, 0% used [0x00000000eb200000,0x00000000eb200000,0x00000000fe900000)
  from space 10752K, 3% used [0x00000000fe900000,0x00000000fe960000,0x00000000ff380000)
  to   space 9728K, 0% used [0x00000000ff400000,0x00000000ff400000,0x00000000ffd80000)
 ParOldGen       total 91136K, used 42374K [0x00000000c1600000, 0x00000000c6f00000, 0x00000000eb200000)
  object space 91136K, 46% used [0x00000000c1600000,0x00000000c3f61b48,0x00000000c6f00000)
 Metaspace       used 59698K, capacity 60922K, committed 61016K, reserved 1103872K
  class space    used 6989K, capacity 7228K, committed 7296K, reserved 1048576K
}
Event: 1184.543 GC heap before
{Heap before GC invocations=38 (full 4):
 PSYoungGen      total 329216K, used 318848K [0x00000000eb200000, 0x00000000ffd80000, 0x0000000100000000)
  eden space 318464K, 100% used [0x00000000eb200000,0x00000000fe900000,0x00000000fe900000)
  from space 10752K, 3% used [0x00000000fe900000,0x00000000fe960000,0x00000000ff380000)
  to   space 9728K, 0% used [0x00000000ff400000,0x00000000ff400000,0x00000000ffd80000)
 ParOldGen       total 91136K, used 42374K [0x00000000c1600000, 0x00000000c6f00000, 0x00000000eb200000)
  object space 91136K, 46% used [0x00000000c1600000,0x00000000c3f61b48,0x00000000c6f00000)
 Metaspace       used 59702K, capacity 60922K, committed 61016K, reserved 1103872K
  class space    used 6989K, capacity 7228K, committed 7296K, reserved 1048576K
Event: 1184.602 GC heap after
Heap after GC invocations=38 (full 4):
 PSYoungGen      total 330240K, used 320K [0x00000000eb200000, 0x00000000ffe00000, 0x0000000100000000)
  eden space 320512K, 0% used [0x00000000eb200000,0x00000000eb200000,0x00000000feb00000)
  from space 9728K, 3% used [0x00000000ff400000,0x00000000ff450000,0x00000000ffd80000)
  to   space 9216K, 0% used [0x00000000feb00000,0x00000000feb00000,0x00000000ff400000)
 ParOldGen       total 91136K, used 42390K [0x00000000c1600000, 0x00000000c6f00000, 0x00000000eb200000)
  object space 91136K, 46% used [0x00000000c1600000,0x00000000c3f65b48,0x00000000c6f00000)
 Metaspace       used 59702K, capacity 60922K, committed 61016K, reserved 1103872K
  class space    used 6989K, capacity 7228K, committed 7296K, reserved 1048576K
}
Event: 1190.237 GC heap before
{Heap before GC invocations=39 (full 4):
 PSYoungGen      total 330240K, used 320832K [0x00000000eb200000, 0x00000000ffe00000, 0x0000000100000000)
  eden space 320512K, 100% used [0x00000000eb200000,0x00000000feb00000,0x00000000feb00000)
  from space 9728K, 3% used [0x00000000ff400000,0x00000000ff450000,0x00000000ffd80000)
  to   space 9216K, 0% used [0x00000000feb00000,0x00000000feb00000,0x00000000ff400000)
 ParOldGen       total 91136K, used 42390K [0x00000000c1600000, 0x00000000c6f00000, 0x00000000eb200000)
  object space 91136K, 46% used [0x00000000c1600000,0x00000000c3f65b48,0x00000000c6f00000)
 Metaspace       used 59705K, capacity 60928K, committed 61016K, reserved 1103872K
  class space    used 6990K, capacity 7229K, committed 7296K, reserved 1048576K
Event: 1190.254 GC heap after
Heap after GC invocations=39 (full 4):
 PSYoungGen      total 329728K, used 192K [0x00000000eb200000, 0x00000000ffe80000, 0x0000000100000000)
  eden space 320512K, 0% used [0x00000000eb200000,0x00000000eb200000,0x00000000feb00000)
  from space 9216K, 2% used [0x00000000feb00000,0x00000000feb30000,0x00000000ff400000)
  to   space 8704K, 0% used [0x00000000ff600000,0x00000000ff600000,0x00000000ffe80000)
 ParOldGen       total 91136K, used 42446K [0x00000000c1600000, 0x00000000c6f00000, 0x00000000eb200000)
  object space 91136K, 46% used [0x00000000c1600000,0x00000000c3f73b48,0x00000000c6f00000)
 Metaspace       used 59705K, capacity 60928K, committed 61016K, reserved 1103872K
  class space    used 6990K, capacity 7229K, committed 7296K, reserved 1048576K
}

