# JRE version: Java(TM) SE Runtime Environment (8.0_65-b17) (build 1.8.0_65-b17)
# Java VM: Java HotSpot(TM) 64-Bit Server VM (25.65-b01 mixed mode windows-amd64 compressed oops)
Heap:
 PSYoungGen      total 145408K, used 136735K [0x00000000eb200000, 0x00000000f6100000, 0x0000000100000000)
  eden space 129024K, 100% used [0x00000000eb200000,0x00000000f3000000,0x00000000f3000000)
  from space 16384K, 47% used [0x00000000f3000000,0x00000000f3787dc0,0x00000000f4000000)
  to   space 15872K, 33% used [0x00000000f5180000,0x00000000f56a8000,0x00000000f6100000)
 ParOldGen       total 96768K, used 45252K [0x00000000c1600000, 0x00000000c7480000, 0x00000000eb200000)
  object space 96768K, 46% used [0x00000000c1600000,0x00000000c42313b8,0x00000000c7480000)
 Metaspace       used 68996K, capacity 70954K, committed 71424K, reserved 1112064K
  class space    used 7778K, capacity 8110K, committed 8192K, reserved 1048576K
GC Heap History (10 events):
Event: 15228.252 GC heap after
Heap after GC invocations=181 (full 5):
 PSYoungGen      total 139776K, used 12770K [0x00000000eb200000, 0x00000000f4d80000, 0x0000000100000000)
  eden space 126976K, 0% used [0x00000000eb200000,0x00000000eb200000,0x00000000f2e00000)
  from space 12800K, 99% used [0x00000000f3d00000,0x00000000f49789c8,0x00000000f4980000)
  to   space 15360K, 0% used [0x00000000f2e00000,0x00000000f2e00000,0x00000000f3d00000)
 ParOldGen       total 96768K, used 59965K [0x00000000c1600000, 0x00000000c7480000, 0x00000000eb200000)
  object space 96768K, 61% used [0x00000000c1600000,0x00000000c508f570,0x00000000c7480000)
 Metaspace       used 68747K, capacity 70694K, committed 70784K, reserved 1112064K
  class space    used 7718K, capacity 8036K, committed 8064K, reserved 1048576K
}
Event: 15230.696 GC heap before
{Heap before GC invocations=182 (full 5):
 PSYoungGen      total 139776K, used 22940K [0x00000000eb200000, 0x00000000f4d80000, 0x0000000100000000)
  eden space 126976K, 8% used [0x00000000eb200000,0x00000000ebbee970,0x00000000f2e00000)
  from space 12800K, 99% used [0x00000000f3d00000,0x00000000f49789c8,0x00000000f4980000)
  to   space 15360K, 0% used [0x00000000f2e00000,0x00000000f2e00000,0x00000000f3d00000)
 ParOldGen       total 96768K, used 59965K [0x00000000c1600000, 0x00000000c7480000, 0x00000000eb200000)
  object space 96768K, 61% used [0x00000000c1600000,0x00000000c508f570,0x00000000c7480000)
 Metaspace       used 68755K, capacity 70764K, committed 71040K, reserved 1112064K
  class space    used 7719K, capacity 8038K, committed 8064K, reserved 1048576K
Event: 15230.809 GC heap after
Heap after GC invocations=182 (full 5):
 PSYoungGen      total 142336K, used 12466K [0x00000000eb200000, 0x00000000f5080000, 0x0000000100000000)
  eden space 126976K, 0% used [0x00000000eb200000,0x00000000eb200000,0x00000000f2e00000)
  from space 15360K, 81% used [0x00000000f2e00000,0x00000000f3a2c938,0x00000000f3d00000)
  to   space 16896K, 0% used [0x00000000f4000000,0x00000000f4000000,0x00000000f5080000)
 ParOldGen       total 96768K, used 60205K [0x00000000c1600000, 0x00000000c7480000, 0x00000000eb200000)
  object space 96768K, 62% used [0x00000000c1600000,0x00000000c50cb570,0x00000000c7480000)
 Metaspace       used 68755K, capacity 70764K, committed 71040K, reserved 1112064K
  class space    used 7719K, capacity 8038K, committed 8064K, reserved 1048576K
}
Event: 15230.809 GC heap before
{Heap before GC invocations=183 (full 6):
 PSYoungGen      total 142336K, used 12466K [0x00000000eb200000, 0x00000000f5080000, 0x0000000100000000)
  eden space 126976K, 0% used [0x00000000eb200000,0x00000000eb200000,0x00000000f2e00000)
  from space 15360K, 81% used [0x00000000f2e00000,0x00000000f3a2c938,0x00000000f3d00000)
  to   space 16896K, 0% used [0x00000000f4000000,0x00000000f4000000,0x00000000f5080000)
 ParOldGen       total 96768K, used 60205K [0x00000000c1600000, 0x00000000c7480000, 0x00000000eb200000)
  object space 96768K, 62% used [0x00000000c1600000,0x00000000c50cb570,0x00000000c7480000)
 Metaspace       used 68755K, capacity 70764K, committed 71040K, reserved 1112064K
  class space    used 7719K, capacity 8038K, committed 8064K, reserved 1048576K
Event: 15231.561 GC heap after
Heap after GC invocations=183 (full 6):
 PSYoungGen      total 142336K, used 0K [0x00000000eb200000, 0x00000000f5080000, 0x0000000100000000)
  eden space 126976K, 0% used [0x00000000eb200000,0x00000000eb200000,0x00000000f2e00000)
  from space 15360K, 0% used [0x00000000f2e00000,0x00000000f2e00000,0x00000000f3d00000)
  to   space 16896K, 0% used [0x00000000f4000000,0x00000000f4000000,0x00000000f5080000)
 ParOldGen       total 96768K, used 45236K [0x00000000c1600000, 0x00000000c7480000, 0x00000000eb200000)
  object space 96768K, 46% used [0x00000000c1600000,0x00000000c422d3b8,0x00000000c7480000)
 Metaspace       used 68632K, capacity 70566K, committed 71040K, reserved 1112064K
  class space    used 7701K, capacity 8004K, committed 8064K, reserved 1048576K
}
Event: 15232.395 GC heap before
{Heap before GC invocations=184 (full 6):
 PSYoungGen      total 142336K, used 126976K [0x00000000eb200000, 0x00000000f5080000, 0x0000000100000000)
  eden space 126976K, 100% used [0x00000000eb200000,0x00000000f2e00000,0x00000000f2e00000)
  from space 15360K, 0% used [0x00000000f2e00000,0x00000000f2e00000,0x00000000f3d00000)
  to   space 16896K, 0% used [0x00000000f4000000,0x00000000f4000000,0x00000000f5080000)
 ParOldGen       total 96768K, used 45236K [0x00000000c1600000, 0x00000000c7480000, 0x00000000eb200000)
  object space 96768K, 46% used [0x00000000c1600000,0x00000000c422d3b8,0x00000000c7480000)
 Metaspace       used 68885K, capacity 70858K, committed 71168K, reserved 1112064K
  class space    used 7749K, capacity 8078K, committed 8192K, reserved 1048576K
Event: 15232.403 GC heap after
Heap after GC invocations=184 (full 6):
 PSYoungGen      total 145920K, used 4569K [0x00000000eb200000, 0x00000000f6000000, 0x0000000100000000)
  eden space 129024K, 0% used [0x00000000eb200000,0x00000000eb200000,0x00000000f3000000)
  from space 16896K, 27% used [0x00000000f4000000,0x00000000f4476540,0x00000000f5080000)
  to   space 16384K, 0% used [0x00000000f3000000,0x00000000f3000000,0x00000000f4000000)
 ParOldGen       total 96768K, used 45244K [0x00000000c1600000, 0x00000000c7480000, 0x00000000eb200000)
  object space 96768K, 46% used [0x00000000c1600000,0x00000000c422f3b8,0x00000000c7480000)
 Metaspace       used 68885K, capacity 70858K, committed 71168K, reserved 1112064K
  class space    used 7749K, capacity 8078K, committed 8192K, reserved 1048576K
}
Event: 15233.546 GC heap before
{Heap before GC invocations=185 (full 6):
 PSYoungGen      total 145920K, used 133593K [0x00000000eb200000, 0x00000000f6000000, 0x0000000100000000)
  eden space 129024K, 100% used [0x00000000eb200000,0x00000000f3000000,0x00000000f3000000)
  from space 16896K, 27% used [0x00000000f4000000,0x00000000f4476540,0x00000000f5080000)
  to   space 16384K, 0% used [0x00000000f3000000,0x00000000f3000000,0x00000000f4000000)
 ParOldGen       total 96768K, used 45244K [0x00000000c1600000, 0x00000000c7480000, 0x00000000eb200000)
  object space 96768K, 46% used [0x00000000c1600000,0x00000000c422f3b8,0x00000000c7480000)
 Metaspace       used 68922K, capacity 70922K, committed 71424K, reserved 1112064K
  class space    used 7759K, capacity 8078K, committed 8192K, reserved 1048576K
Event: 15233.564 GC heap after
Heap after GC invocations=185 (full 6):
 PSYoungGen      total 145408K, used 7711K [0x00000000eb200000, 0x00000000f6100000, 0x0000000100000000)
  eden space 129024K, 0% used [0x00000000eb200000,0x00000000eb200000,0x00000000f3000000)
  from space 16384K, 47% used [0x00000000f3000000,0x00000000f3787dc0,0x00000000f4000000)
  to   space 15872K, 0% used [0x00000000f5180000,0x00000000f5180000,0x00000000f6100000)
 ParOldGen       total 96768K, used 45244K [0x00000000c1600000, 0x00000000c7480000, 0x00000000eb200000)
  object space 96768K, 46% used [0x00000000c1600000,0x00000000c422f3b8,0x00000000c7480000)
 Metaspace       used 68922K, capacity 70922K, committed 71424K, reserved 1112064K
  class space    used 7759K, capacity 8078K, committed 8192K, reserved 1048576K
}
Event: 15234.689 GC heap before
{Heap before GC invocations=186 (full 6):
 PSYoungGen      total 145408K, used 136735K [0x00000000eb200000, 0x00000000f6100000, 0x0000000100000000)
  eden space 129024K, 100% used [0x00000000eb200000,0x00000000f3000000,0x00000000f3000000)
  from space 16384K, 47% used [0x00000000f3000000,0x00000000f3787dc0,0x00000000f4000000)
  to   space 15872K, 0% used [0x00000000f5180000,0x00000000f5180000,0x00000000f6100000)
 ParOldGen       total 96768K, used 45244K [0x00000000c1600000, 0x00000000c7480000, 0x00000000eb200000)
  object space 96768K, 46% used [0x00000000c1600000,0x00000000c422f3b8,0x00000000c7480000)
 Metaspace       used 68996K, capacity 70954K, committed 71424K, reserved 1112064K
  class space    used 7778K, capacity 8110K, committed 8192K, reserved 1048576K

