# JRE version: Java(TM) SE Runtime Environment (8.0_65-b17) (build 1.8.0_65-b17)
# Java VM: Java HotSpot(TM) 64-Bit Server VM (25.65-b01 mixed mode windows-amd64 compressed oops)
Heap:
 PSYoungGen      total 275968K, used 170975K [0x00000000eb200000, 0x00000000fc700000, 0x0000000100000000)
  eden space 267776K, 63% used [0x00000000eb200000,0x00000000f586fc00,0x00000000fb780000)
  from space 8192K, 6% used [0x00000000fb780000,0x00000000fb808000,0x00000000fbf80000)
  to   space 7680K, 0% used [0x00000000fbf80000,0x00000000fbf80000,0x00000000fc700000)
 ParOldGen       total 192512K, used 62634K [0x00000000c1600000, 0x00000000cd200000, 0x00000000eb200000)
  object space 192512K, 32% used [0x00000000c1600000,0x00000000c532aa40,0x00000000cd200000)
 Metaspace       used 84008K, capacity 87064K, committed 126848K, reserved 1163264K
  class space    used 9036K, capacity 9659K, committed 13952K, reserved 1048576K
GC Heap History (10 events):
Event: 11845.600 GC heap before
{Heap before GC invocations=207 (full 30):
 PSYoungGen      total 276480K, used 266880K [0x00000000eb200000, 0x00000000fcb80000, 0x0000000100000000)
  eden space 266752K, 100% used [0x00000000eb200000,0x00000000fb680000,0x00000000fb680000)
  from space 9728K, 1% used [0x00000000fc200000,0x00000000fc220000,0x00000000fcb80000)
  to   space 10752K, 0% used [0x00000000fb680000,0x00000000fb680000,0x00000000fc100000)
 ParOldGen       total 192512K, used 62634K [0x00000000c1600000, 0x00000000cd200000, 0x00000000eb200000)
  object space 192512K, 32% used [0x00000000c1600000,0x00000000c532aa40,0x00000000cd200000)
 Metaspace       used 84008K, capacity 87064K, committed 126848K, reserved 1163264K
  class space    used 9036K, capacity 9659K, committed 13952K, reserved 1048576K
Event: 11845.604 GC heap after
Heap after GC invocations=207 (full 30):
 PSYoungGen      total 277504K, used 128K [0x00000000eb200000, 0x00000000fcb00000, 0x0000000100000000)
  eden space 266752K, 0% used [0x00000000eb200000,0x00000000eb200000,0x00000000fb680000)
  from space 10752K, 1% used [0x00000000fb680000,0x00000000fb6a0000,0x00000000fc100000)
  to   space 10240K, 0% used [0x00000000fc100000,0x00000000fc100000,0x00000000fcb00000)
 ParOldGen       total 192512K, used 62634K [0x00000000c1600000, 0x00000000cd200000, 0x00000000eb200000)
  object space 192512K, 32% used [0x00000000c1600000,0x00000000c532aa40,0x00000000cd200000)
 Metaspace       used 84008K, capacity 87064K, committed 126848K, reserved 1163264K
  class space    used 9036K, capacity 9659K, committed 13952K, reserved 1048576K
}
Event: 11933.830 GC heap before
{Heap before GC invocations=208 (full 30):
 PSYoungGen      total 277504K, used 266880K [0x00000000eb200000, 0x00000000fcb00000, 0x0000000100000000)
  eden space 266752K, 100% used [0x00000000eb200000,0x00000000fb680000,0x00000000fb680000)
  from space 10752K, 1% used [0x00000000fb680000,0x00000000fb6a0000,0x00000000fc100000)
  to   space 10240K, 0% used [0x00000000fc100000,0x00000000fc100000,0x00000000fcb00000)
 ParOldGen       total 192512K, used 62634K [0x00000000c1600000, 0x00000000cd200000, 0x00000000eb200000)
  object space 192512K, 32% used [0x00000000c1600000,0x00000000c532aa40,0x00000000cd200000)
 Metaspace       used 84008K, capacity 87064K, committed 126848K, reserved 1163264K
  class space    used 9036K, capacity 9659K, committed 13952K, reserved 1048576K
Event: 11933.834 GC heap after
Heap after GC invocations=208 (full 30):
 PSYoungGen      total 275456K, used 288K [0x00000000eb200000, 0x00000000fc900000, 0x0000000100000000)
  eden space 267264K, 0% used [0x00000000eb200000,0x00000000eb200000,0x00000000fb700000)
  from space 8192K, 3% used [0x00000000fc100000,0x00000000fc148000,0x00000000fc900000)
  to   space 9216K, 0% used [0x00000000fb700000,0x00000000fb700000,0x00000000fc000000)
 ParOldGen       total 192512K, used 62634K [0x00000000c1600000, 0x00000000cd200000, 0x00000000eb200000)
  object space 192512K, 32% used [0x00000000c1600000,0x00000000c532aa40,0x00000000cd200000)
 Metaspace       used 84008K, capacity 87064K, committed 126848K, reserved 1163264K
  class space    used 9036K, capacity 9659K, committed 13952K, reserved 1048576K
}
Event: 12024.133 GC heap before
{Heap before GC invocations=209 (full 30):
 PSYoungGen      total 275456K, used 267552K [0x00000000eb200000, 0x00000000fc900000, 0x0000000100000000)
  eden space 267264K, 100% used [0x00000000eb200000,0x00000000fb700000,0x00000000fb700000)
  from space 8192K, 3% used [0x00000000fc100000,0x00000000fc148000,0x00000000fc900000)
  to   space 9216K, 0% used [0x00000000fb700000,0x00000000fb700000,0x00000000fc000000)
 ParOldGen       total 192512K, used 62634K [0x00000000c1600000, 0x00000000cd200000, 0x00000000eb200000)
  object space 192512K, 32% used [0x00000000c1600000,0x00000000c532aa40,0x00000000cd200000)
 Metaspace       used 84008K, capacity 87064K, committed 126848K, reserved 1163264K
  class space    used 9036K, capacity 9659K, committed 13952K, reserved 1048576K
Event: 12024.137 GC heap after
Heap after GC invocations=209 (full 30):
 PSYoungGen      total 276480K, used 512K [0x00000000eb200000, 0x00000000fc880000, 0x0000000100000000)
  eden space 267264K, 0% used [0x00000000eb200000,0x00000000eb200000,0x00000000fb700000)
  from space 9216K, 5% used [0x00000000fb700000,0x00000000fb780000,0x00000000fc000000)
  to   space 8704K, 0% used [0x00000000fc000000,0x00000000fc000000,0x00000000fc880000)
 ParOldGen       total 192512K, used 62634K [0x00000000c1600000, 0x00000000cd200000, 0x00000000eb200000)
  object space 192512K, 32% used [0x00000000c1600000,0x00000000c532aa40,0x00000000cd200000)
 Metaspace       used 84008K, capacity 87064K, committed 126848K, reserved 1163264K
  class space    used 9036K, capacity 9659K, committed 13952K, reserved 1048576K
}
Event: 12113.723 GC heap before
{Heap before GC invocations=210 (full 30):
 PSYoungGen      total 276480K, used 267776K [0x00000000eb200000, 0x00000000fc880000, 0x0000000100000000)
  eden space 267264K, 100% used [0x00000000eb200000,0x00000000fb700000,0x00000000fb700000)
  from space 9216K, 5% used [0x00000000fb700000,0x00000000fb780000,0x00000000fc000000)
  to   space 8704K, 0% used [0x00000000fc000000,0x00000000fc000000,0x00000000fc880000)
 ParOldGen       total 192512K, used 62634K [0x00000000c1600000, 0x00000000cd200000, 0x00000000eb200000)
  object space 192512K, 32% used [0x00000000c1600000,0x00000000c532aa40,0x00000000cd200000)
 Metaspace       used 84008K, capacity 87064K, committed 126848K, reserved 1163264K
  class space    used 9036K, capacity 9659K, committed 13952K, reserved 1048576K
Event: 12113.727 GC heap after
Heap after GC invocations=210 (full 30):
 PSYoungGen      total 275456K, used 96K [0x00000000eb200000, 0x00000000fc780000, 0x0000000100000000)
  eden space 267776K, 0% used [0x00000000eb200000,0x00000000eb200000,0x00000000fb780000)
  from space 7680K, 1% used [0x00000000fc000000,0x00000000fc018000,0x00000000fc780000)
  to   space 8192K, 0% used [0x00000000fb780000,0x00000000fb780000,0x00000000fbf80000)
 ParOldGen       total 192512K, used 62634K [0x00000000c1600000, 0x00000000cd200000, 0x00000000eb200000)
  object space 192512K, 32% used [0x00000000c1600000,0x00000000c532aa40,0x00000000cd200000)
 Metaspace       used 84008K, capacity 87064K, committed 126848K, reserved 1163264K
  class space    used 9036K, capacity 9659K, committed 13952K, reserved 1048576K
}
Event: 12202.856 GC heap before
{Heap before GC invocations=211 (full 30):
 PSYoungGen      total 275456K, used 267872K [0x00000000eb200000, 0x00000000fc780000, 0x0000000100000000)
  eden space 267776K, 100% used [0x00000000eb200000,0x00000000fb780000,0x00000000fb780000)
  from space 7680K, 1% used [0x00000000fc000000,0x00000000fc018000,0x00000000fc780000)
  to   space 8192K, 0% used [0x00000000fb780000,0x00000000fb780000,0x00000000fbf80000)
 ParOldGen       total 192512K, used 62634K [0x00000000c1600000, 0x00000000cd200000, 0x00000000eb200000)
  object space 192512K, 32% used [0x00000000c1600000,0x00000000c532aa40,0x00000000cd200000)
 Metaspace       used 84008K, capacity 87064K, committed 126848K, reserved 1163264K
  class space    used 9036K, capacity 9659K, committed 13952K, reserved 1048576K
Event: 12202.860 GC heap after
Heap after GC invocations=211 (full 30):
 PSYoungGen      total 275968K, used 544K [0x00000000eb200000, 0x00000000fc700000, 0x0000000100000000)
  eden space 267776K, 0% used [0x00000000eb200000,0x00000000eb200000,0x00000000fb780000)
  from space 8192K, 6% used [0x00000000fb780000,0x00000000fb808000,0x00000000fbf80000)
  to   space 7680K, 0% used [0x00000000fbf80000,0x00000000fbf80000,0x00000000fc700000)
 ParOldGen       total 192512K, used 62634K [0x00000000c1600000, 0x00000000cd200000, 0x00000000eb200000)
  object space 192512K, 32% used [0x00000000c1600000,0x00000000c532aa40,0x00000000cd200000)
 Metaspace       used 84008K, capacity 87064K, committed 126848K, reserved 1163264K
  class space    used 9036K, capacity 9659K, committed 13952K, reserved 1048576K
}

