# JRE version: Java(TM) SE Runtime Environment (8.0_65-b17) (build 1.8.0_65-b17)
# Java VM: Java HotSpot(TM) 64-Bit Server VM (25.65-b01 mixed mode windows-amd64 compressed oops)
Heap:
 PSYoungGen      total 248320K, used 241169K [0x00000000eb200000, 0x00000000fc080000, 0x0000000100000000)
  eden space 224768K, 100% used [0x00000000eb200000,0x00000000f8d80000,0x00000000f8d80000)
  from space 23552K, 69% used [0x00000000fa980000,0x00000000fb984680,0x00000000fc080000)
  to   space 26112K, 62% used [0x00000000f8d80000,0x00000000f9d84660,0x00000000fa700000)
 ParOldGen       total 131584K, used 97146K [0x00000000c1600000, 0x00000000c9680000, 0x00000000eb200000)
  object space 131584K, 73% used [0x00000000c1600000,0x00000000c74de8d8,0x00000000c9680000)
 Metaspace       used 155730K, capacity 160032K, committed 161960K, reserved 1193984K
  class space    used 14914K, capacity 16146K, committed 16552K, reserved 1048576K
GC Heap History (10 events):
Event: 85828.642 GC heap after
Heap after GC invocations=989 (full 39):
 PSYoungGen      total 215040K, used 15025K [0x00000000eb200000, 0x00000000f9c00000, 0x0000000100000000)
  eden space 192512K, 0% used [0x00000000eb200000,0x00000000eb200000,0x00000000f6e00000)
  from space 22528K, 66% used [0x00000000f8600000,0x00000000f94ac5c0,0x00000000f9c00000)
  to   space 23552K, 0% used [0x00000000f6e00000,0x00000000f6e00000,0x00000000f8500000)
 ParOldGen       total 131584K, used 97138K [0x00000000c1600000, 0x00000000c9680000, 0x00000000eb200000)
  object space 131584K, 73% used [0x00000000c1600000,0x00000000c74dc8d8,0x00000000c9680000)
 Metaspace       used 155505K, capacity 159728K, committed 161576K, reserved 1193984K
  class space    used 14890K, capacity 16090K, committed 16424K, reserved 1048576K
}
Event: 85864.564 GC heap before
{Heap before GC invocations=990 (full 39):
 PSYoungGen      total 215040K, used 207537K [0x00000000eb200000, 0x00000000f9c00000, 0x0000000100000000)
  eden space 192512K, 100% used [0x00000000eb200000,0x00000000f6e00000,0x00000000f6e00000)
  from space 22528K, 66% used [0x00000000f8600000,0x00000000f94ac5c0,0x00000000f9c00000)
  to   space 23552K, 0% used [0x00000000f6e00000,0x00000000f6e00000,0x00000000f8500000)
 ParOldGen       total 131584K, used 97138K [0x00000000c1600000, 0x00000000c9680000, 0x00000000eb200000)
  object space 131584K, 73% used [0x00000000c1600000,0x00000000c74dc8d8,0x00000000c9680000)
 Metaspace       used 155505K, capacity 159728K, committed 161576K, reserved 1193984K
  class space    used 14890K, capacity 16090K, committed 16424K, reserved 1048576K
Event: 85864.601 GC heap after
Heap after GC invocations=990 (full 39):
 PSYoungGen      total 216064K, used 15137K [0x00000000eb200000, 0x00000000fb080000, 0x0000000100000000)
  eden space 192512K, 0% used [0x00000000eb200000,0x00000000eb200000,0x00000000f6e00000)
  from space 23552K, 64% used [0x00000000f6e00000,0x00000000f7cc85d0,0x00000000f8500000)
  to   space 24064K, 0% used [0x00000000f9900000,0x00000000f9900000,0x00000000fb080000)
 ParOldGen       total 131584K, used 97138K [0x00000000c1600000, 0x00000000c9680000, 0x00000000eb200000)
  object space 131584K, 73% used [0x00000000c1600000,0x00000000c74dc8d8,0x00000000c9680000)
 Metaspace       used 155505K, capacity 159728K, committed 161576K, reserved 1193984K
  class space    used 14890K, capacity 16090K, committed 16424K, reserved 1048576K
}
Event: 85898.319 GC heap before
{Heap before GC invocations=991 (full 39):
 PSYoungGen      total 216064K, used 207649K [0x00000000eb200000, 0x00000000fb080000, 0x0000000100000000)
  eden space 192512K, 100% used [0x00000000eb200000,0x00000000f6e00000,0x00000000f6e00000)
  from space 23552K, 64% used [0x00000000f6e00000,0x00000000f7cc85d0,0x00000000f8500000)
  to   space 24064K, 0% used [0x00000000f9900000,0x00000000f9900000,0x00000000fb080000)
 ParOldGen       total 131584K, used 97138K [0x00000000c1600000, 0x00000000c9680000, 0x00000000eb200000)
  object space 131584K, 73% used [0x00000000c1600000,0x00000000c74dc8d8,0x00000000c9680000)
 Metaspace       used 155696K, capacity 159984K, committed 161960K, reserved 1193984K
  class space    used 14908K, capacity 16138K, committed 16552K, reserved 1048576K
Event: 85898.353 GC heap after
Heap after GC invocations=991 (full 39):
 PSYoungGen      total 234496K, used 16385K [0x00000000eb200000, 0x00000000fb080000, 0x0000000100000000)
  eden space 210432K, 0% used [0x00000000eb200000,0x00000000eb200000,0x00000000f7f80000)
  from space 24064K, 68% used [0x00000000f9900000,0x00000000fa900630,0x00000000fb080000)
  to   space 25088K, 0% used [0x00000000f7f80000,0x00000000f7f80000,0x00000000f9800000)
 ParOldGen       total 131584K, used 97146K [0x00000000c1600000, 0x00000000c9680000, 0x00000000eb200000)
  object space 131584K, 73% used [0x00000000c1600000,0x00000000c74de8d8,0x00000000c9680000)
 Metaspace       used 155696K, capacity 159984K, committed 161960K, reserved 1193984K
  class space    used 14908K, capacity 16138K, committed 16552K, reserved 1048576K
}
Event: 85937.147 GC heap before
{Heap before GC invocations=992 (full 39):
 PSYoungGen      total 234496K, used 226817K [0x00000000eb200000, 0x00000000fb080000, 0x0000000100000000)
  eden space 210432K, 100% used [0x00000000eb200000,0x00000000f7f80000,0x00000000f7f80000)
  from space 24064K, 68% used [0x00000000f9900000,0x00000000fa900630,0x00000000fb080000)
  to   space 25088K, 0% used [0x00000000f7f80000,0x00000000f7f80000,0x00000000f9800000)
 ParOldGen       total 131584K, used 97146K [0x00000000c1600000, 0x00000000c9680000, 0x00000000eb200000)
  object space 131584K, 73% used [0x00000000c1600000,0x00000000c74de8d8,0x00000000c9680000)
 Metaspace       used 155725K, capacity 160032K, committed 161960K, reserved 1193984K
  class space    used 14914K, capacity 16146K, committed 16552K, reserved 1048576K
Event: 85937.177 GC heap after
Heap after GC invocations=992 (full 39):
 PSYoungGen      total 235520K, used 16321K [0x00000000eb200000, 0x00000000fc300000, 0x0000000100000000)
  eden space 210432K, 0% used [0x00000000eb200000,0x00000000eb200000,0x00000000f7f80000)
  from space 25088K, 65% used [0x00000000f7f80000,0x00000000f8f70650,0x00000000f9800000)
  to   space 26112K, 0% used [0x00000000fa980000,0x00000000fa980000,0x00000000fc300000)
 ParOldGen       total 131584K, used 97146K [0x00000000c1600000, 0x00000000c9680000, 0x00000000eb200000)
  object space 131584K, 73% used [0x00000000c1600000,0x00000000c74de8d8,0x00000000c9680000)
 Metaspace       used 155725K, capacity 160032K, committed 161960K, reserved 1193984K
  class space    used 14914K, capacity 16146K, committed 16552K, reserved 1048576K
}
Event: 85976.022 GC heap before
{Heap before GC invocations=993 (full 39):
 PSYoungGen      total 235520K, used 226753K [0x00000000eb200000, 0x00000000fc300000, 0x0000000100000000)
  eden space 210432K, 100% used [0x00000000eb200000,0x00000000f7f80000,0x00000000f7f80000)
  from space 25088K, 65% used [0x00000000f7f80000,0x00000000f8f70650,0x00000000f9800000)
  to   space 26112K, 0% used [0x00000000fa980000,0x00000000fa980000,0x00000000fc300000)
 ParOldGen       total 131584K, used 97146K [0x00000000c1600000, 0x00000000c9680000, 0x00000000eb200000)
  object space 131584K, 73% used [0x00000000c1600000,0x00000000c74de8d8,0x00000000c9680000)
 Metaspace       used 155730K, capacity 160032K, committed 161960K, reserved 1193984K
  class space    used 14914K, capacity 16146K, committed 16552K, reserved 1048576K
Event: 85976.053 GC heap after
Heap after GC invocations=993 (full 39):
 PSYoungGen      total 248320K, used 16401K [0x00000000eb200000, 0x00000000fc080000, 0x0000000100000000)
  eden space 224768K, 0% used [0x00000000eb200000,0x00000000eb200000,0x00000000f8d80000)
  from space 23552K, 69% used [0x00000000fa980000,0x00000000fb984680,0x00000000fc080000)
  to   space 26112K, 0% used [0x00000000f8d80000,0x00000000f8d80000,0x00000000fa700000)
 ParOldGen       total 131584K, used 97146K [0x00000000c1600000, 0x00000000c9680000, 0x00000000eb200000)
  object space 131584K, 73% used [0x00000000c1600000,0x00000000c74de8d8,0x00000000c9680000)
 Metaspace       used 155730K, capacity 160032K, committed 161960K, reserved 1193984K
  class space    used 14914K, capacity 16146K, committed 16552K, reserved 1048576K
}
Event: 86017.974 GC heap before
{Heap before GC invocations=994 (full 39):
 PSYoungGen      total 248320K, used 241169K [0x00000000eb200000, 0x00000000fc080000, 0x0000000100000000)
  eden space 224768K, 100% used [0x00000000eb200000,0x00000000f8d80000,0x00000000f8d80000)
  from space 23552K, 69% used [0x00000000fa980000,0x00000000fb984680,0x00000000fc080000)
  to   space 26112K, 0% used [0x00000000f8d80000,0x00000000f8d80000,0x00000000fa700000)
 ParOldGen       total 131584K, used 97146K [0x00000000c1600000, 0x00000000c9680000, 0x00000000eb200000)
  object space 131584K, 73% used [0x00000000c1600000,0x00000000c74de8d8,0x00000000c9680000)
 Metaspace       used 155730K, capacity 160032K, committed 161960K, reserved 1193984K
  class space    used 14914K, capacity 16146K, committed 16552K, reserved 1048576K

